#
# There is insufficient memory for the Java Runtime Environment to continue.
# Native memory allocation (malloc) failed to allocate 32744 bytes for ChunkPool::allocate
# Possible reasons:
#   The system is out of physical RAM or swap space
#   The process is running with CompressedOops enabled, and the Java Heap may be blocking the growth of the native heap
# Possible solutions:
#   Reduce memory load on the system
#   Increase physical memory or swap space
#   Check if swap backing store is full
#   Decrease Java heap size (-Xmx/-Xms)
#   Decrease number of Java threads
#   Decrease Java thread stack sizes (-Xss)
#   Set larger code cache with -XX:ReservedCodeCacheSize=
#   JVM is running with Unscaled Compressed Oops mode in which the Java heap is
#     placed in the first 4GB address space. The Java Heap base address is the
#     maximum limit for the native heap growth. Please use -XX:HeapBaseMinAddress
#     to set the Java Heap base and to place the Java Heap above 4GB virtual address.
# This output file may be truncated or incomplete.
#
#  Out of Memory Error (arena.cpp:78), pid=29076, tid=29604
#
# JRE version: OpenJDK Runtime Environment (17.0.6) (build 17.0.6+0-b2043.56-10027231)
# Java VM: OpenJDK 64-Bit Server VM (17.0.6+0-b2043.56-10027231, mixed mode, tiered, compressed oops, compressed class ptrs, g1 gc, windows-amd64)
# No core dump will be written. Minidumps are not enabled by default on client versions of Windows
#

---------------  S U M M A R Y ------------

Command Line: --add-opens=java.base/java.util=ALL-UNNAMED --add-opens=java.base/java.lang=ALL-UNNAMED --add-opens=java.base/java.lang.invoke=ALL-UNNAMED --add-opens=java.prefs/java.util.prefs=ALL-UNNAMED --add-opens=java.base/java.nio.charset=ALL-UNNAMED --add-opens=java.base/java.net=ALL-UNNAMED --add-opens=java.base/java.util.concurrent.atomic=ALL-UNNAMED -Xmx2048m -Dfile.encoding=UTF-8 -Duser.country=ES -Duser.language=es -Duser.variant -javaagent:C:\Users\isaic\.gradle\wrapper\dists\gradle-8.2-bin\bbg7u40eoinfdyxsxr3z4i7ta\gradle-8.2\lib\agents\gradle-instrumentation-agent-8.2.jar org.gradle.launcher.daemon.bootstrap.GradleDaemon 8.2

Host: AMD Ryzen 5 5500U with Radeon Graphics         , 12 cores, 5G,  Windows 11 , 64 bit Build 22621 (10.0.22621.3235)
Time: Wed Apr 10 22:39:44 2024 Hora estándar central (México) elapsed time: 3421.041877 seconds (0d 0h 57m 1s)

---------------  T H R E A D  ---------------

Current thread (0x00000252c0429530):  JavaThread "C2 CompilerThread0" daemon [_thread_in_native, id=29604, stack(0x0000007ac3700000,0x0000007ac3800000)]


Current CompileTask:
C2:3421042 19965       4       org.gradle.internal.snapshot.impl.AbstractValueProcessor::processValue (775 bytes)

Stack: [0x0000007ac3700000,0x0000007ac3800000]
Native frames: (J=compiled Java code, j=interpreted, Vv=VM code, C=native code)
V  [jvm.dll+0x683c9a]
V  [jvm.dll+0x8427a4]
V  [jvm.dll+0x843f9e]
V  [jvm.dll+0x844603]
V  [jvm.dll+0x249b75]
V  [jvm.dll+0xabecc]
V  [jvm.dll+0xac27c]
V  [jvm.dll+0x661edf]
V  [jvm.dll+0x7a13c]
V  [jvm.dll+0x1a8f22]
V  [jvm.dll+0x2b0104]
V  [jvm.dll+0x69c095]
V  [jvm.dll+0x69405b]
V  [jvm.dll+0x693697]
V  [jvm.dll+0x691592]
V  [jvm.dll+0x1a81fc]
V  [jvm.dll+0x1a8dc6]
V  [jvm.dll+0x2b0104]
V  [jvm.dll+0x69c095]
V  [jvm.dll+0x69405b]
V  [jvm.dll+0x693697]
V  [jvm.dll+0x691592]
V  [jvm.dll+0x1a81fc]
V  [jvm.dll+0x1a8dc6]
V  [jvm.dll+0x2b0104]
V  [jvm.dll+0x69c095]
V  [jvm.dll+0x69405b]
V  [jvm.dll+0x693697]
V  [jvm.dll+0x691592]
V  [jvm.dll+0x1a81fc]
V  [jvm.dll+0x1a8dc6]
V  [jvm.dll+0x2b0104]
V  [jvm.dll+0x69c095]
V  [jvm.dll+0x69405b]
V  [jvm.dll+0x693697]
V  [jvm.dll+0x691592]
V  [jvm.dll+0x1a81fc]
V  [jvm.dll+0x1a8dc6]
V  [jvm.dll+0x1a8dc6]
V  [jvm.dll+0x2b0104]
V  [jvm.dll+0x69c095]
V  [jvm.dll+0x69405b]
V  [jvm.dll+0x693697]
V  [jvm.dll+0x691592]
V  [jvm.dll+0x1a81fc]
V  [jvm.dll+0x1a8dc6]
V  [jvm.dll+0x1a8dc6]
V  [jvm.dll+0x2b0104]
V  [jvm.dll+0x69c095]
V  [jvm.dll+0x69405b]
V  [jvm.dll+0x693697]
V  [jvm.dll+0x691592]
V  [jvm.dll+0x1a81fc]
V  [jvm.dll+0x1a8dc6]
V  [jvm.dll+0x2b0104]
V  [jvm.dll+0x69c095]
V  [jvm.dll+0x69405b]
V  [jvm.dll+0x693697]
V  [jvm.dll+0x691592]
V  [jvm.dll+0x1a81fc]
V  [jvm.dll+0x1a8dc6]
V  [jvm.dll+0x1a8dc6]
V  [jvm.dll+0x2b0104]
V  [jvm.dll+0x69c095]
V  [jvm.dll+0x69405b]
V  [jvm.dll+0x693697]
V  [jvm.dll+0x691592]
V  [jvm.dll+0x1a81fc]
V  [jvm.dll+0x21b1e8]
V  [jvm.dll+0x1a4fdd]
V  [jvm.dll+0x22b098]
V  [jvm.dll+0x229159]
V  [jvm.dll+0x7f81ec]
V  [jvm.dll+0x7f274a]
V  [jvm.dll+0x682ad5]
C  [ucrtbase.dll+0x29363]
C  [KERNEL32.DLL+0x1257d]
C  [ntdll.dll+0x5aa58]


---------------  P R O C E S S  ---------------

Threads class SMR info:
_java_thread_list=0x00000252d4e429b0, length=61, elements={
0x00000252a57f38f0, 0x00000252bfaa9020, 0x00000252bfaaa630, 0x00000252bfa95630,
0x00000252bfa960f0, 0x00000252c04256f0, 0x00000252c04280b0, 0x00000252c0429530,
0x00000252c0429fd0, 0x00000252c042d170, 0x00000252c05542f0, 0x00000252c06a6530,
0x00000252c23703e0, 0x00000252c2118920, 0x00000252c2117030, 0x00000252c2547ab0,
0x00000252c2544f60, 0x00000252c25462a0, 0x00000252c25445c0, 0x00000252c2544a90,
0x00000252c2546770, 0x00000252c25475e0, 0x00000252c2545430, 0x00000252c2545900,
0x00000252c2545dd0, 0x00000252c335af80, 0x00000252c335bdf0, 0x00000252c335e940,
0x00000252c335b920, 0x00000252c335aab0, 0x00000252c335c2c0, 0x00000252c335d130,
0x00000252c335b450, 0x00000252c335fc80, 0x00000252c335dad0, 0x00000252c753b390,
0x00000252c7538d10, 0x00000252d1ccd570, 0x00000252d1cced80, 0x00000252cff7b060,
0x00000252c7536690, 0x00000252c753c200, 0x00000252c753a050, 0x00000252cff76a50,
0x00000252cff760b0, 0x00000252cff78c00, 0x00000252cff78730, 0x00000252cff79a70,
0x00000252d136e910, 0x00000252c2182290, 0x00000252ca3e1cf0, 0x00000252ca3e21c0,
0x00000252ca3e2690, 0x00000252ca3e2b60, 0x00000252ca3e3030, 0x00000252ca3e3500,
0x00000252ca3e39d0, 0x00000252ca3e1820, 0x00000252ca3e3ea0, 0x00000252ca3e4370,
0x00000252c7536b60
}

Java Threads: ( => current thread )
  0x00000252a57f38f0 JavaThread "main" [_thread_blocked, id=37936, stack(0x0000007ac2a00000,0x0000007ac2b00000)]
  0x00000252bfaa9020 JavaThread "Reference Handler" daemon [_thread_blocked, id=15064, stack(0x0000007ac3100000,0x0000007ac3200000)]
  0x00000252bfaaa630 JavaThread "Finalizer" daemon [_thread_blocked, id=35616, stack(0x0000007ac3200000,0x0000007ac3300000)]
  0x00000252bfa95630 JavaThread "Signal Dispatcher" daemon [_thread_blocked, id=40704, stack(0x0000007ac3300000,0x0000007ac3400000)]
  0x00000252bfa960f0 JavaThread "Attach Listener" daemon [_thread_blocked, id=36544, stack(0x0000007ac3400000,0x0000007ac3500000)]
  0x00000252c04256f0 JavaThread "Service Thread" daemon [_thread_blocked, id=29120, stack(0x0000007ac3500000,0x0000007ac3600000)]
  0x00000252c04280b0 JavaThread "Monitor Deflation Thread" daemon [_thread_blocked, id=40120, stack(0x0000007ac3600000,0x0000007ac3700000)]
=>0x00000252c0429530 JavaThread "C2 CompilerThread0" daemon [_thread_in_native, id=29604, stack(0x0000007ac3700000,0x0000007ac3800000)]
  0x00000252c0429fd0 JavaThread "C1 CompilerThread0" daemon [_thread_in_native, id=3836, stack(0x0000007ac3800000,0x0000007ac3900000)]
  0x00000252c042d170 JavaThread "Sweeper thread" daemon [_thread_in_vm, id=33044, stack(0x0000007ac3900000,0x0000007ac3a00000)]
  0x00000252c05542f0 JavaThread "Common-Cleaner" daemon [_thread_blocked, id=15924, stack(0x0000007ac3a00000,0x0000007ac3b00000)]
  0x00000252c06a6530 JavaThread "Notification Thread" daemon [_thread_blocked, id=41640, stack(0x0000007ac3b00000,0x0000007ac3c00000)]
  0x00000252c23703e0 JavaThread "Daemon health stats" [_thread_blocked, id=24036, stack(0x0000007ac4100000,0x0000007ac4200000)]
  0x00000252c2118920 JavaThread "Incoming local TCP Connector on port 61633" [_thread_in_native, id=2784, stack(0x0000007ac4200000,0x0000007ac4300000)]
  0x00000252c2117030 JavaThread "Daemon periodic checks" [_thread_blocked, id=40660, stack(0x0000007ac4300000,0x0000007ac4400000)]
  0x00000252c2547ab0 JavaThread "Cache worker for journal cache (C:\Users\isaic\.gradle\caches\journal-1)" [_thread_blocked, id=29228, stack(0x0000007ac5200000,0x0000007ac5300000)]
  0x00000252c2544f60 JavaThread "File lock request listener" [_thread_in_native, id=26040, stack(0x0000007ac5300000,0x0000007ac5400000)]
  0x00000252c25462a0 JavaThread "Cache worker for file hash cache (C:\Users\isaic\.gradle\caches\8.2\fileHashes)" [_thread_blocked, id=780, stack(0x0000007ac5400000,0x0000007ac5500000)]
  0x00000252c25445c0 JavaThread "File watcher server" daemon [_thread_in_native, id=16348, stack(0x0000007ac5500000,0x0000007ac5600000)]
  0x00000252c2544a90 JavaThread "File watcher consumer" daemon [_thread_blocked, id=14592, stack(0x0000007ac5600000,0x0000007ac5700000)]
  0x00000252c2546770 JavaThread "jar transforms" [_thread_blocked, id=39080, stack(0x0000007ac5700000,0x0000007ac5800000)]
  0x00000252c25475e0 JavaThread "jar transforms Thread 2" [_thread_blocked, id=28300, stack(0x0000007ac5800000,0x0000007ac5900000)]
  0x00000252c2545430 JavaThread "jar transforms Thread 3" [_thread_blocked, id=28848, stack(0x0000007ac5900000,0x0000007ac5a00000)]
  0x00000252c2545900 JavaThread "jar transforms Thread 4" [_thread_blocked, id=28236, stack(0x0000007ac5a00000,0x0000007ac5b00000)]
  0x00000252c2545dd0 JavaThread "jar transforms Thread 5" [_thread_blocked, id=8068, stack(0x0000007ac5b00000,0x0000007ac5c00000)]
  0x00000252c335af80 JavaThread "jar transforms Thread 6" [_thread_blocked, id=21668, stack(0x0000007ac5c00000,0x0000007ac5d00000)]
  0x00000252c335bdf0 JavaThread "jar transforms Thread 7" [_thread_blocked, id=24724, stack(0x0000007ac5d00000,0x0000007ac5e00000)]
  0x00000252c335e940 JavaThread "jar transforms Thread 8" [_thread_blocked, id=21228, stack(0x0000007ac5e00000,0x0000007ac5f00000)]
  0x00000252c335b920 JavaThread "jar transforms Thread 9" [_thread_blocked, id=31228, stack(0x0000007ac5f00000,0x0000007ac6000000)]
  0x00000252c335aab0 JavaThread "jar transforms Thread 10" [_thread_blocked, id=18928, stack(0x0000007ac6000000,0x0000007ac6100000)]
  0x00000252c335c2c0 JavaThread "jar transforms Thread 11" [_thread_blocked, id=17948, stack(0x0000007ac6100000,0x0000007ac6200000)]
  0x00000252c335d130 JavaThread "jar transforms Thread 12" [_thread_blocked, id=38436, stack(0x0000007ac6200000,0x0000007ac6300000)]
  0x00000252c335b450 JavaThread "Cache worker for file content cache (C:\Users\isaic\.gradle\caches\8.2\fileContent)" [_thread_blocked, id=41080, stack(0x0000007ac6500000,0x0000007ac6600000)]
  0x00000252c335fc80 JavaThread "Cache worker for execution history cache (C:\Users\isaic\.gradle\caches\8.2\executionHistory)" [_thread_blocked, id=776, stack(0x0000007ac6800000,0x0000007ac6900000)]
  0x00000252c335dad0 JavaThread "Cache worker for kotlin-dsl (C:\Users\isaic\.gradle\caches\8.2\kotlin-dsl)" [_thread_blocked, id=41004, stack(0x0000007ac6900000,0x0000007ac6a00000)]
  0x00000252c753b390 JavaThread "Memory manager" [_thread_blocked, id=29800, stack(0x0000007ac7800000,0x0000007ac7900000)]
  0x00000252c7538d10 JavaThread "Daemon Thread 2" [_thread_blocked, id=40564, stack(0x0000007ac2700000,0x0000007ac2800000)]
  0x00000252d1ccd570 JavaThread "Handler for socket connection from /127.0.0.1:61633 to /127.0.0.1:63334" [_thread_in_native, id=33964, stack(0x0000007ac2800000,0x0000007ac2900000)]
  0x00000252d1cced80 JavaThread "Cancel handler" [_thread_blocked, id=11268, stack(0x0000007ac2900000,0x0000007ac2a00000)]
  0x00000252cff7b060 JavaThread "Daemon worker Thread 2" [_thread_in_Java, id=38108, stack(0x0000007ac4400000,0x0000007ac4500000)]
  0x00000252c7536690 JavaThread "Asynchronous log dispatcher for DefaultDaemonConnection: socket connection from /127.0.0.1:61633 to /127.0.0.1:63334" [_thread_blocked, id=9056, stack(0x0000007ac4500000,0x0000007ac4600000)]
  0x00000252c753c200 JavaThread "Stdin handler" [_thread_blocked, id=25468, stack(0x0000007ac4600000,0x0000007ac4700000)]
  0x00000252c753a050 JavaThread "Daemon client event forwarder" [_thread_blocked, id=26956, stack(0x0000007ac4700000,0x0000007ac4800000)]
  0x00000252cff76a50 JavaThread "Cache worker for checksums cache (D:\cosas de la uni\UTShop2\UTShop-master\.gradle\8.2\checksums)" [_thread_blocked, id=37756, stack(0x0000007ac4900000,0x0000007ac4a00000)]
  0x00000252cff760b0 JavaThread "Cache worker for cache directory md-rule (C:\Users\isaic\.gradle\caches\8.2\md-rule)" [_thread_blocked, id=188, stack(0x0000007ac4800000,0x0000007ac4900000)]
  0x00000252cff78c00 JavaThread "Cache worker for file hash cache (D:\cosas de la uni\UTShop2\UTShop-master\.gradle\8.2\fileHashes)" [_thread_blocked, id=17712, stack(0x0000007ac4a00000,0x0000007ac4b00000)]
  0x00000252cff78730 JavaThread "Cache worker for cache directory md-supplier (C:\Users\isaic\.gradle\caches\8.2\md-supplier)" [_thread_blocked, id=24920, stack(0x0000007ac6300000,0x0000007ac6400000)]
  0x00000252cff79a70 JavaThread "Cache worker for dependencies-accessors (D:\cosas de la uni\UTShop2\UTShop-master\.gradle\8.2\dependencies-accessors)" [_thread_blocked, id=21692, stack(0x0000007ac6400000,0x0000007ac6500000)]
  0x00000252d136e910 JavaThread "Cache worker for Build Output Cleanup Cache (D:\cosas de la uni\UTShop2\UTShop-master\.gradle\buildOutputCleanup)" [_thread_blocked, id=20312, stack(0x0000007ac6600000,0x0000007ac6700000)]
  0x00000252c2182290 JavaThread "Unconstrained build operations" [_thread_blocked, id=1472, stack(0x0000007ac6700000,0x0000007ac6800000)]
  0x00000252ca3e1cf0 JavaThread "Unconstrained build operations Thread 2" [_thread_blocked, id=22324, stack(0x0000007ac6a00000,0x0000007ac6b00000)]
  0x00000252ca3e21c0 JavaThread "Unconstrained build operations Thread 3" [_thread_blocked, id=11144, stack(0x0000007ac6b00000,0x0000007ac6c00000)]
  0x00000252ca3e2690 JavaThread "Unconstrained build operations Thread 4" [_thread_blocked, id=38060, stack(0x0000007ac6c00000,0x0000007ac6d00000)]
  0x00000252ca3e2b60 JavaThread "Unconstrained build operations Thread 5" [_thread_blocked, id=22236, stack(0x0000007ac6d00000,0x0000007ac6e00000)]
  0x00000252ca3e3030 JavaThread "Unconstrained build operations Thread 6" [_thread_blocked, id=36084, stack(0x0000007ac6e00000,0x0000007ac6f00000)]
  0x00000252ca3e3500 JavaThread "Unconstrained build operations Thread 7" [_thread_blocked, id=27580, stack(0x0000007ac6f00000,0x0000007ac7000000)]
  0x00000252ca3e39d0 JavaThread "Unconstrained build operations Thread 8" [_thread_blocked, id=22540, stack(0x0000007ac7000000,0x0000007ac7100000)]
  0x00000252ca3e1820 JavaThread "Unconstrained build operations Thread 9" [_thread_blocked, id=29096, stack(0x0000007ac7100000,0x0000007ac7200000)]
  0x00000252ca3e3ea0 JavaThread "Unconstrained build operations Thread 10" [_thread_blocked, id=33232, stack(0x0000007ac7200000,0x0000007ac7300000)]
  0x00000252ca3e4370 JavaThread "Unconstrained build operations Thread 11" [_thread_blocked, id=15408, stack(0x0000007ac7300000,0x0000007ac7400000)]
  0x00000252c7536b60 JavaThread "build event listener" [_thread_blocked, id=6684, stack(0x0000007ac7400000,0x0000007ac7500000)]

Other Threads:
  0x00000252bfa85a20 VMThread "VM Thread" [stack: 0x0000007ac3000000,0x0000007ac3100000] [id=27720]
  0x00000252c06a6a00 WatcherThread [stack: 0x0000007ac3c00000,0x0000007ac3d00000] [id=32756]
  0x00000252a58562c0 GCTaskThread "GC Thread#0" [stack: 0x0000007ac2b00000,0x0000007ac2c00000] [id=41504]
  0x00000252c19ee6f0 GCTaskThread "GC Thread#1" [stack: 0x0000007ac3d00000,0x0000007ac3e00000] [id=26456]
  0x00000252c0f1acb0 GCTaskThread "GC Thread#2" [stack: 0x0000007ac3e00000,0x0000007ac3f00000] [id=29724]
  0x00000252c18af3c0 GCTaskThread "GC Thread#3" [stack: 0x0000007ac3f00000,0x0000007ac4000000] [id=17932]
  0x00000252c1d833d0 GCTaskThread "GC Thread#4" [stack: 0x0000007ac4000000,0x0000007ac4100000] [id=3272]
  0x00000252c2506d00 GCTaskThread "GC Thread#5" [stack: 0x0000007ac4b00000,0x0000007ac4c00000] [id=5212]
  0x00000252c26e2dc0 GCTaskThread "GC Thread#6" [stack: 0x0000007ac4c00000,0x0000007ac4d00000] [id=37068]
  0x00000252c202fcc0 GCTaskThread "GC Thread#7" [stack: 0x0000007ac4d00000,0x0000007ac4e00000] [id=34848]
  0x00000252c2504530 GCTaskThread "GC Thread#8" [stack: 0x0000007ac4e00000,0x0000007ac4f00000] [id=19856]
  0x00000252c23aeef0 GCTaskThread "GC Thread#9" [stack: 0x0000007ac4f00000,0x0000007ac5000000] [id=22536]
  0x00000252a58679a0 ConcurrentGCThread "G1 Main Marker" [stack: 0x0000007ac2c00000,0x0000007ac2d00000] [id=40192]
  0x00000252a58683b0 ConcurrentGCThread "G1 Conc#0" [stack: 0x0000007ac2d00000,0x0000007ac2e00000] [id=9932]
  0x00000252c2c22bd0 ConcurrentGCThread "G1 Conc#1" [stack: 0x0000007ac5000000,0x0000007ac5100000] [id=5908]
  0x00000252c2c22920 ConcurrentGCThread "G1 Conc#2" [stack: 0x0000007ac5100000,0x0000007ac5200000] [id=41284]
  0x00000252a58ad020 ConcurrentGCThread "G1 Refine#0" [stack: 0x0000007ac2e00000,0x0000007ac2f00000] [id=28748]
  0x00000252c5438a80 ConcurrentGCThread "G1 Refine#1" [stack: 0x0000007ac7a00000,0x0000007ac7b00000] [id=1516]
  0x00000252c54387a0 ConcurrentGCThread "G1 Refine#2" [stack: 0x0000007ac7b00000,0x0000007ac7c00000] [id=26608]
  0x00000252c5437940 ConcurrentGCThread "G1 Refine#3" [stack: 0x0000007ac7c00000,0x0000007ac7d00000] [id=20340]
  0x00000252c5437c20 ConcurrentGCThread "G1 Refine#4" [stack: 0x0000007ac7d00000,0x0000007ac7e00000] [id=41748]
  0x00000252c5437f00 ConcurrentGCThread "G1 Refine#5" [stack: 0x0000007ac7e00000,0x0000007ac7f00000] [id=41940]
  0x00000252c50115a0 ConcurrentGCThread "G1 Refine#6" [stack: 0x0000007ac7f00000,0x0000007ac8000000] [id=28732]
  0x00000252c5014960 ConcurrentGCThread "G1 Refine#7" [stack: 0x0000007ac8000000,0x0000007ac8100000] [id=32408]
  0x00000252c5013260 ConcurrentGCThread "G1 Refine#8" [stack: 0x0000007ac8100000,0x0000007ac8200000] [id=31468]
  0x00000252a58ada40 ConcurrentGCThread "G1 Service" [stack: 0x0000007ac2f00000,0x0000007ac3000000] [id=15628]

Threads with active compile tasks:
C2 CompilerThread0  3421259 19965       4       org.gradle.internal.snapshot.impl.AbstractValueProcessor::processValue (775 bytes)
C1 CompilerThread0  3421259 20006       3       org.gradle.api.internal.artifacts.configurations.DefaultConfiguration::assertUsageIsMutable (92 bytes)

VM state: not at safepoint (normal execution)

VM Mutex/Monitor currently owned by a thread: None

Heap address: 0x0000000080000000, size: 2048 MB, Compressed Oops mode: 32-bit

CDS archive(s) not mapped
Compressed class space mapped at: 0x0000000100000000-0x0000000140000000, reserved size: 1073741824
Narrow klass base: 0x0000000000000000, Narrow klass shift: 3, Narrow klass range: 0x140000000

GC Precious Log:
 CPUs: 12 total, 12 available
 Memory: 6005M
 Large Page Support: Disabled
 NUMA Support: Disabled
 Compressed Oops: Enabled (32-bit)
 Heap Region Size: 1M
 Heap Min Capacity: 8M
 Heap Initial Capacity: 94M
 Heap Max Capacity: 2G
 Pre-touch: Disabled
 Parallel Workers: 10
 Concurrent Workers: 3
 Concurrent Refinement Workers: 10
 Periodic GC: Disabled

Heap:
 garbage-first heap   total 331776K, used 297773K [0x0000000080000000, 0x0000000100000000)
  region size 1024K, 11 young (11264K), 2 survivors (2048K)
 Metaspace       used 180423K, committed 181696K, reserved 1212416K
  class space    used 23548K, committed 24128K, reserved 1048576K

Heap Regions: E=young(eden), S=young(survivor), O=old, HS=humongous(starts), HC=humongous(continues), CS=collection set, F=free, OA=open archive, CA=closed archive, TAMS=top-at-mark-start (previous, next)
|   0|0x0000000080000000, 0x0000000080100000, 0x0000000080100000|100%|HS|  |TAMS 0x0000000080100000, 0x0000000080000000| Complete 
|   1|0x0000000080100000, 0x0000000080200000, 0x0000000080200000|100%|HC|  |TAMS 0x0000000080200000, 0x0000000080100000| Complete 
|   2|0x0000000080200000, 0x0000000080300000, 0x0000000080300000|100%|HC|  |TAMS 0x0000000080300000, 0x0000000080200000| Complete 
|   3|0x0000000080300000, 0x0000000080400000, 0x0000000080400000|100%|HC|  |TAMS 0x0000000080400000, 0x0000000080300000| Complete 
|   4|0x0000000080400000, 0x0000000080500000, 0x0000000080500000|100%| O|  |TAMS 0x0000000080500000, 0x0000000080400000| Untracked 
|   5|0x0000000080500000, 0x0000000080600000, 0x0000000080600000|100%| O|  |TAMS 0x0000000080500000, 0x0000000080500000| Untracked 
|   6|0x0000000080600000, 0x0000000080700000, 0x0000000080700000|100%| O|  |TAMS 0x0000000080700000, 0x0000000080600000| Untracked 
|   7|0x0000000080700000, 0x0000000080800000, 0x0000000080800000|100%| O|  |TAMS 0x0000000080800000, 0x0000000080700000| Untracked 
|   8|0x0000000080800000, 0x0000000080900000, 0x0000000080900000|100%| O|  |TAMS 0x0000000080900000, 0x0000000080800000| Untracked 
|   9|0x0000000080900000, 0x0000000080a00000, 0x0000000080a00000|100%| O|  |TAMS 0x0000000080a00000, 0x0000000080900000| Untracked 
|  10|0x0000000080a00000, 0x0000000080b00000, 0x0000000080b00000|100%| O|  |TAMS 0x0000000080b00000, 0x0000000080a00000| Untracked 
|  11|0x0000000080b00000, 0x0000000080c00000, 0x0000000080c00000|100%| O|  |TAMS 0x0000000080c00000, 0x0000000080b00000| Untracked 
|  12|0x0000000080c00000, 0x0000000080d00000, 0x0000000080d00000|100%| O|  |TAMS 0x0000000080d00000, 0x0000000080c00000| Untracked 
|  13|0x0000000080d00000, 0x0000000080e00000, 0x0000000080e00000|100%| O|  |TAMS 0x0000000080e00000, 0x0000000080d00000| Untracked 
|  14|0x0000000080e00000, 0x0000000080f00000, 0x0000000080f00000|100%| O|  |TAMS 0x0000000080f00000, 0x0000000080e00000| Untracked 
|  15|0x0000000080f00000, 0x0000000081000000, 0x0000000081000000|100%| O|  |TAMS 0x0000000081000000, 0x0000000080f00000| Untracked 
|  16|0x0000000081000000, 0x0000000081100000, 0x0000000081100000|100%| O|  |TAMS 0x0000000081100000, 0x0000000081000000| Untracked 
|  17|0x0000000081100000, 0x0000000081200000, 0x0000000081200000|100%| O|  |TAMS 0x0000000081200000, 0x0000000081100000| Untracked 
|  18|0x0000000081200000, 0x0000000081300000, 0x0000000081300000|100%| O|  |TAMS 0x0000000081300000, 0x0000000081200000| Untracked 
|  19|0x0000000081300000, 0x0000000081400000, 0x0000000081400000|100%|HS|  |TAMS 0x0000000081400000, 0x0000000081300000| Complete 
|  20|0x0000000081400000, 0x0000000081500000, 0x0000000081500000|100%|HC|  |TAMS 0x0000000081500000, 0x0000000081400000| Complete 
|  21|0x0000000081500000, 0x0000000081600000, 0x0000000081600000|100%|HS|  |TAMS 0x0000000081600000, 0x0000000081500000| Complete 
|  22|0x0000000081600000, 0x0000000081700000, 0x0000000081700000|100%|HC|  |TAMS 0x0000000081700000, 0x0000000081600000| Complete 
|  23|0x0000000081700000, 0x0000000081800000, 0x0000000081800000|100%|HC|  |TAMS 0x0000000081800000, 0x0000000081700000| Complete 
|  24|0x0000000081800000, 0x0000000081900000, 0x0000000081900000|100%|HS|  |TAMS 0x0000000081900000, 0x0000000081800000| Complete 
|  25|0x0000000081900000, 0x0000000081a00000, 0x0000000081a00000|100%|HC|  |TAMS 0x0000000081a00000, 0x0000000081900000| Complete 
|  26|0x0000000081a00000, 0x0000000081b00000, 0x0000000081b00000|100%| O|  |TAMS 0x0000000081b00000, 0x0000000081a00000| Untracked 
|  27|0x0000000081b00000, 0x0000000081c00000, 0x0000000081c00000|100%| O|  |TAMS 0x0000000081c00000, 0x0000000081b00000| Untracked 
|  28|0x0000000081c00000, 0x0000000081d00000, 0x0000000081d00000|100%| O|  |TAMS 0x0000000081d00000, 0x0000000081c00000| Untracked 
|  29|0x0000000081d00000, 0x0000000081e00000, 0x0000000081e00000|100%| O|  |TAMS 0x0000000081e00000, 0x0000000081d00000| Untracked 
|  30|0x0000000081e00000, 0x0000000081f00000, 0x0000000081f00000|100%|HS|  |TAMS 0x0000000081f00000, 0x0000000081e00000| Complete 
|  31|0x0000000081f00000, 0x0000000082000000, 0x0000000082000000|100%|HS|  |TAMS 0x0000000082000000, 0x0000000081f00000| Complete 
|  32|0x0000000082000000, 0x0000000082100000, 0x0000000082100000|100%|HC|  |TAMS 0x0000000082100000, 0x0000000082000000| Complete 
|  33|0x0000000082100000, 0x0000000082200000, 0x0000000082200000|100%|HC|  |TAMS 0x0000000082200000, 0x0000000082100000| Complete 
|  34|0x0000000082200000, 0x0000000082300000, 0x0000000082300000|100%|HC|  |TAMS 0x0000000082300000, 0x0000000082200000| Complete 
|  35|0x0000000082300000, 0x0000000082400000, 0x0000000082400000|100%|HC|  |TAMS 0x0000000082400000, 0x0000000082300000| Complete 
|  36|0x0000000082400000, 0x0000000082500000, 0x0000000082500000|100%|HC|  |TAMS 0x0000000082500000, 0x0000000082400000| Complete 
|  37|0x0000000082500000, 0x0000000082600000, 0x0000000082600000|100%|HC|  |TAMS 0x0000000082600000, 0x0000000082500000| Complete 
|  38|0x0000000082600000, 0x0000000082700000, 0x0000000082700000|100%|HC|  |TAMS 0x0000000082700000, 0x0000000082600000| Complete 
|  39|0x0000000082700000, 0x0000000082800000, 0x0000000082800000|100%|HC|  |TAMS 0x0000000082800000, 0x0000000082700000| Complete 
|  40|0x0000000082800000, 0x0000000082900000, 0x0000000082900000|100%|HC|  |TAMS 0x0000000082900000, 0x0000000082800000| Complete 
|  41|0x0000000082900000, 0x0000000082a00000, 0x0000000082a00000|100%|HC|  |TAMS 0x0000000082a00000, 0x0000000082900000| Complete 
|  42|0x0000000082a00000, 0x0000000082b00000, 0x0000000082b00000|100%|HC|  |TAMS 0x0000000082b00000, 0x0000000082a00000| Complete 
|  43|0x0000000082b00000, 0x0000000082c00000, 0x0000000082c00000|100%| O|  |TAMS 0x0000000082c00000, 0x0000000082b00000| Untracked 
|  44|0x0000000082c00000, 0x0000000082d00000, 0x0000000082d00000|100%| O|  |TAMS 0x0000000082d00000, 0x0000000082c00000| Untracked 
|  45|0x0000000082d00000, 0x0000000082e00000, 0x0000000082e00000|100%|HS|  |TAMS 0x0000000082e00000, 0x0000000082d00000| Complete 
|  46|0x0000000082e00000, 0x0000000082f00000, 0x0000000082f00000|100%|HC|  |TAMS 0x0000000082f00000, 0x0000000082e00000| Complete 
|  47|0x0000000082f00000, 0x0000000083000000, 0x0000000083000000|100%| O|  |TAMS 0x0000000083000000, 0x0000000082f00000| Untracked 
|  48|0x0000000083000000, 0x0000000083100000, 0x0000000083100000|100%| O|  |TAMS 0x0000000083100000, 0x0000000083000000| Untracked 
|  49|0x0000000083100000, 0x0000000083200000, 0x0000000083200000|100%| O|  |TAMS 0x0000000083200000, 0x0000000083100000| Untracked 
|  50|0x0000000083200000, 0x0000000083300000, 0x0000000083300000|100%| O|  |TAMS 0x0000000083300000, 0x0000000083200000| Untracked 
|  51|0x0000000083300000, 0x0000000083400000, 0x0000000083400000|100%| O|  |TAMS 0x0000000083400000, 0x0000000083300000| Untracked 
|  52|0x0000000083400000, 0x0000000083500000, 0x0000000083500000|100%| O|  |TAMS 0x0000000083500000, 0x0000000083400000| Untracked 
|  53|0x0000000083500000, 0x0000000083600000, 0x0000000083600000|100%| O|  |TAMS 0x0000000083600000, 0x0000000083500000| Untracked 
|  54|0x0000000083600000, 0x0000000083700000, 0x0000000083700000|100%| O|  |TAMS 0x0000000083700000, 0x0000000083600000| Untracked 
|  55|0x0000000083700000, 0x0000000083800000, 0x0000000083800000|100%|HS|  |TAMS 0x0000000083800000, 0x0000000083700000| Complete 
|  56|0x0000000083800000, 0x0000000083900000, 0x0000000083900000|100%|HC|  |TAMS 0x0000000083900000, 0x0000000083800000| Complete 
|  57|0x0000000083900000, 0x0000000083a00000, 0x0000000083a00000|100%|HC|  |TAMS 0x0000000083a00000, 0x0000000083900000| Complete 
|  58|0x0000000083a00000, 0x0000000083b00000, 0x0000000083b00000|100%| O|  |TAMS 0x0000000083b00000, 0x0000000083a00000| Untracked 
|  59|0x0000000083b00000, 0x0000000083c00000, 0x0000000083c00000|100%| O|  |TAMS 0x0000000083c00000, 0x0000000083b00000| Untracked 
|  60|0x0000000083c00000, 0x0000000083d00000, 0x0000000083d00000|100%| O|  |TAMS 0x0000000083d00000, 0x0000000083c00000| Untracked 
|  61|0x0000000083d00000, 0x0000000083e00000, 0x0000000083e00000|100%| O|  |TAMS 0x0000000083d00000, 0x0000000083d00000| Untracked 
|  62|0x0000000083e00000, 0x0000000083f00000, 0x0000000083f00000|100%| O|  |TAMS 0x0000000083f00000, 0x0000000083e00000| Untracked 
|  63|0x0000000083f00000, 0x0000000084000000, 0x0000000084000000|100%| O|  |TAMS 0x0000000084000000, 0x0000000083f00000| Untracked 
|  64|0x0000000084000000, 0x0000000084100000, 0x0000000084100000|100%| O|  |TAMS 0x0000000084100000, 0x0000000084000000| Untracked 
|  65|0x0000000084100000, 0x0000000084200000, 0x0000000084200000|100%| O|  |TAMS 0x0000000084200000, 0x0000000084100000| Untracked 
|  66|0x0000000084200000, 0x0000000084300000, 0x0000000084300000|100%| O|  |TAMS 0x0000000084300000, 0x0000000084200000| Untracked 
|  67|0x0000000084300000, 0x0000000084400000, 0x0000000084400000|100%| O|  |TAMS 0x0000000084400000, 0x0000000084300000| Untracked 
|  68|0x0000000084400000, 0x0000000084500000, 0x0000000084500000|100%| O|  |TAMS 0x0000000084500000, 0x0000000084400000| Untracked 
|  69|0x0000000084500000, 0x0000000084600000, 0x0000000084600000|100%| O|  |TAMS 0x0000000084600000, 0x0000000084500000| Untracked 
|  70|0x0000000084600000, 0x0000000084700000, 0x0000000084700000|100%| O|  |TAMS 0x0000000084700000, 0x0000000084600000| Untracked 
|  71|0x0000000084700000, 0x0000000084800000, 0x0000000084800000|100%|HS|  |TAMS 0x0000000084800000, 0x0000000084700000| Complete 
|  72|0x0000000084800000, 0x0000000084900000, 0x0000000084900000|100%|HS|  |TAMS 0x0000000084900000, 0x0000000084800000| Complete 
|  73|0x0000000084900000, 0x0000000084a00000, 0x0000000084a00000|100%|HC|  |TAMS 0x0000000084a00000, 0x0000000084900000| Complete 
|  74|0x0000000084a00000, 0x0000000084b00000, 0x0000000084b00000|100%|HS|  |TAMS 0x0000000084b00000, 0x0000000084a00000| Complete 
|  75|0x0000000084b00000, 0x0000000084c00000, 0x0000000084c00000|100%|HC|  |TAMS 0x0000000084c00000, 0x0000000084b00000| Complete 
|  76|0x0000000084c00000, 0x0000000084d00000, 0x0000000084d00000|100%|HS|  |TAMS 0x0000000084d00000, 0x0000000084c00000| Complete 
|  77|0x0000000084d00000, 0x0000000084e00000, 0x0000000084e00000|100%|HS|  |TAMS 0x0000000084e00000, 0x0000000084d00000| Complete 
|  78|0x0000000084e00000, 0x0000000084f00000, 0x0000000084f00000|100%| O|  |TAMS 0x0000000084f00000, 0x0000000084e00000| Untracked 
|  79|0x0000000084f00000, 0x0000000085000000, 0x0000000085000000|100%| O|  |TAMS 0x0000000085000000, 0x0000000084f00000| Untracked 
|  80|0x0000000085000000, 0x0000000085100000, 0x0000000085100000|100%| O|  |TAMS 0x0000000085100000, 0x0000000085000000| Untracked 
|  81|0x0000000085100000, 0x0000000085200000, 0x0000000085200000|100%| O|  |TAMS 0x0000000085200000, 0x0000000085100000| Untracked 
|  82|0x0000000085200000, 0x0000000085300000, 0x0000000085300000|100%| O|  |TAMS 0x0000000085300000, 0x0000000085200000| Untracked 
|  83|0x0000000085300000, 0x0000000085400000, 0x0000000085400000|100%| O|  |TAMS 0x0000000085400000, 0x0000000085300000| Untracked 
|  84|0x0000000085400000, 0x0000000085500000, 0x0000000085500000|100%| O|  |TAMS 0x0000000085500000, 0x0000000085400000| Untracked 
|  85|0x0000000085500000, 0x0000000085600000, 0x0000000085600000|100%| O|  |TAMS 0x0000000085600000, 0x0000000085500000| Untracked 
|  86|0x0000000085600000, 0x0000000085700000, 0x0000000085700000|100%|HS|  |TAMS 0x0000000085700000, 0x0000000085600000| Complete 
|  87|0x0000000085700000, 0x0000000085800000, 0x0000000085800000|100%|HC|  |TAMS 0x0000000085800000, 0x0000000085700000| Complete 
|  88|0x0000000085800000, 0x0000000085900000, 0x0000000085900000|100%|HC|  |TAMS 0x0000000085900000, 0x0000000085800000| Complete 
|  89|0x0000000085900000, 0x0000000085a00000, 0x0000000085a00000|100%|HC|  |TAMS 0x0000000085a00000, 0x0000000085900000| Complete 
|  90|0x0000000085a00000, 0x0000000085b00000, 0x0000000085b00000|100%|HS|  |TAMS 0x0000000085b00000, 0x0000000085a00000| Complete 
|  91|0x0000000085b00000, 0x0000000085c00000, 0x0000000085c00000|100%| O|  |TAMS 0x0000000085c00000, 0x0000000085b00000| Untracked 
|  92|0x0000000085c00000, 0x0000000085d00000, 0x0000000085d00000|100%| O|  |TAMS 0x0000000085d00000, 0x0000000085c00000| Untracked 
|  93|0x0000000085d00000, 0x0000000085e00000, 0x0000000085e00000|100%| O|  |TAMS 0x0000000085e00000, 0x0000000085d00000| Untracked 
|  94|0x0000000085e00000, 0x0000000085f00000, 0x0000000085f00000|100%| O|  |TAMS 0x0000000085f00000, 0x0000000085e00000| Untracked 
|  95|0x0000000085f00000, 0x0000000086000000, 0x0000000086000000|100%| O|  |TAMS 0x0000000086000000, 0x0000000085f00000| Untracked 
|  96|0x0000000086000000, 0x0000000086100000, 0x0000000086100000|100%|HS|  |TAMS 0x0000000086100000, 0x0000000086000000| Complete 
|  97|0x0000000086100000, 0x0000000086200000, 0x0000000086200000|100%|HC|  |TAMS 0x0000000086200000, 0x0000000086100000| Complete 
|  98|0x0000000086200000, 0x0000000086300000, 0x0000000086300000|100%|HC|  |TAMS 0x0000000086300000, 0x0000000086200000| Complete 
|  99|0x0000000086300000, 0x0000000086400000, 0x0000000086400000|100%|HC|  |TAMS 0x0000000086400000, 0x0000000086300000| Complete 
| 100|0x0000000086400000, 0x0000000086500000, 0x0000000086500000|100%|HS|  |TAMS 0x0000000086500000, 0x0000000086400000| Complete 
| 101|0x0000000086500000, 0x0000000086600000, 0x0000000086600000|100%|HC|  |TAMS 0x0000000086600000, 0x0000000086500000| Complete 
| 102|0x0000000086600000, 0x0000000086700000, 0x0000000086700000|100%|HC|  |TAMS 0x0000000086700000, 0x0000000086600000| Complete 
| 103|0x0000000086700000, 0x0000000086800000, 0x0000000086800000|100%|HC|  |TAMS 0x0000000086800000, 0x0000000086700000| Complete 
| 104|0x0000000086800000, 0x0000000086900000, 0x0000000086900000|100%| O|  |TAMS 0x0000000086800000, 0x0000000086800000| Untracked 
| 105|0x0000000086900000, 0x0000000086a00000, 0x0000000086a00000|100%| O|  |TAMS 0x0000000086900000, 0x0000000086900000| Untracked 
| 106|0x0000000086a00000, 0x0000000086b00000, 0x0000000086b00000|100%| O|  |TAMS 0x0000000086a00000, 0x0000000086a00000| Untracked 
| 107|0x0000000086b00000, 0x0000000086c00000, 0x0000000086c00000|100%| O|  |TAMS 0x0000000086b00000, 0x0000000086b00000| Untracked 
| 108|0x0000000086c00000, 0x0000000086d00000, 0x0000000086d00000|100%| O|  |TAMS 0x0000000086c00000, 0x0000000086c00000| Untracked 
| 109|0x0000000086d00000, 0x0000000086e00000, 0x0000000086e00000|100%| O|  |TAMS 0x0000000086d00000, 0x0000000086d00000| Untracked 
| 110|0x0000000086e00000, 0x0000000086f00000, 0x0000000086f00000|100%| O|  |TAMS 0x0000000086f00000, 0x0000000086e00000| Untracked 
| 111|0x0000000086f00000, 0x0000000087000000, 0x0000000087000000|100%| O|  |TAMS 0x0000000087000000, 0x0000000086f00000| Untracked 
| 112|0x0000000087000000, 0x0000000087100000, 0x0000000087100000|100%| O|  |TAMS 0x0000000087100000, 0x0000000087000000| Untracked 
| 113|0x0000000087100000, 0x0000000087200000, 0x0000000087200000|100%| O|  |TAMS 0x0000000087200000, 0x0000000087100000| Untracked 
| 114|0x0000000087200000, 0x0000000087300000, 0x0000000087300000|100%| O|  |TAMS 0x0000000087300000, 0x0000000087200000| Untracked 
| 115|0x0000000087300000, 0x0000000087400000, 0x0000000087400000|100%| O|  |TAMS 0x0000000087400000, 0x0000000087300000| Untracked 
| 116|0x0000000087400000, 0x0000000087500000, 0x0000000087500000|100%| O|  |TAMS 0x0000000087500000, 0x0000000087400000| Untracked 
| 117|0x0000000087500000, 0x0000000087600000, 0x0000000087600000|100%| O|  |TAMS 0x0000000087600000, 0x0000000087500000| Untracked 
| 118|0x0000000087600000, 0x0000000087700000, 0x0000000087700000|100%| O|  |TAMS 0x0000000087700000, 0x0000000087600000| Untracked 
| 119|0x0000000087700000, 0x0000000087800000, 0x0000000087800000|100%| O|  |TAMS 0x0000000087800000, 0x0000000087700000| Untracked 
| 120|0x0000000087800000, 0x0000000087900000, 0x0000000087900000|100%| O|  |TAMS 0x0000000087900000, 0x0000000087800000| Untracked 
| 121|0x0000000087900000, 0x0000000087a00000, 0x0000000087a00000|100%| O|  |TAMS 0x0000000087a00000, 0x0000000087900000| Untracked 
| 122|0x0000000087a00000, 0x0000000087b00000, 0x0000000087b00000|100%| O|  |TAMS 0x0000000087b00000, 0x0000000087a00000| Untracked 
| 123|0x0000000087b00000, 0x0000000087c00000, 0x0000000087c00000|100%| O|  |TAMS 0x0000000087c00000, 0x0000000087b00000| Untracked 
| 124|0x0000000087c00000, 0x0000000087d00000, 0x0000000087d00000|100%| O|  |TAMS 0x0000000087d00000, 0x0000000087c00000| Untracked 
| 125|0x0000000087d00000, 0x0000000087e00000, 0x0000000087e00000|100%| O|  |TAMS 0x0000000087e00000, 0x0000000087d00000| Untracked 
| 126|0x0000000087e00000, 0x0000000087f00000, 0x0000000087f00000|100%| O|  |TAMS 0x0000000087f00000, 0x0000000087e00000| Untracked 
| 127|0x0000000087f00000, 0x0000000088000000, 0x0000000088000000|100%| O|  |TAMS 0x0000000088000000, 0x0000000087f00000| Untracked 
| 128|0x0000000088000000, 0x0000000088100000, 0x0000000088100000|100%| O|  |TAMS 0x0000000088100000, 0x0000000088000000| Untracked 
| 129|0x0000000088100000, 0x0000000088200000, 0x0000000088200000|100%| O|  |TAMS 0x0000000088200000, 0x0000000088100000| Untracked 
| 130|0x0000000088200000, 0x0000000088300000, 0x0000000088300000|100%| O|  |TAMS 0x0000000088300000, 0x0000000088200000| Untracked 
| 131|0x0000000088300000, 0x0000000088400000, 0x0000000088400000|100%| O|  |TAMS 0x0000000088400000, 0x0000000088300000| Untracked 
| 132|0x0000000088400000, 0x0000000088500000, 0x0000000088500000|100%| O|  |TAMS 0x0000000088500000, 0x0000000088400000| Untracked 
| 133|0x0000000088500000, 0x0000000088600000, 0x0000000088600000|100%| O|  |TAMS 0x0000000088600000, 0x0000000088500000| Untracked 
| 134|0x0000000088600000, 0x0000000088700000, 0x0000000088700000|100%| O|  |TAMS 0x0000000088700000, 0x0000000088600000| Untracked 
| 135|0x0000000088700000, 0x0000000088800000, 0x0000000088800000|100%| O|  |TAMS 0x0000000088800000, 0x0000000088700000| Untracked 
| 136|0x0000000088800000, 0x0000000088900000, 0x0000000088900000|100%| O|  |TAMS 0x0000000088900000, 0x0000000088800000| Untracked 
| 137|0x0000000088900000, 0x0000000088a00000, 0x0000000088a00000|100%| O|  |TAMS 0x0000000088a00000, 0x0000000088900000| Untracked 
| 138|0x0000000088a00000, 0x0000000088b00000, 0x0000000088b00000|100%| O|  |TAMS 0x0000000088b00000, 0x0000000088a00000| Untracked 
| 139|0x0000000088b00000, 0x0000000088c00000, 0x0000000088c00000|100%| O|  |TAMS 0x0000000088c00000, 0x0000000088b00000| Untracked 
| 140|0x0000000088c00000, 0x0000000088d00000, 0x0000000088d00000|100%| O|  |TAMS 0x0000000088d00000, 0x0000000088c00000| Untracked 
| 141|0x0000000088d00000, 0x0000000088e00000, 0x0000000088e00000|100%| O|  |TAMS 0x0000000088e00000, 0x0000000088d00000| Untracked 
| 142|0x0000000088e00000, 0x0000000088f00000, 0x0000000088f00000|100%| O|  |TAMS 0x0000000088f00000, 0x0000000088e00000| Untracked 
| 143|0x0000000088f00000, 0x0000000089000000, 0x0000000089000000|100%| O|  |TAMS 0x0000000089000000, 0x0000000088f00000| Untracked 
| 144|0x0000000089000000, 0x0000000089100000, 0x0000000089100000|100%| O|  |TAMS 0x0000000089100000, 0x0000000089000000| Untracked 
| 145|0x0000000089100000, 0x0000000089200000, 0x0000000089200000|100%| O|  |TAMS 0x0000000089200000, 0x0000000089100000| Untracked 
| 146|0x0000000089200000, 0x0000000089300000, 0x0000000089300000|100%| O|  |TAMS 0x0000000089300000, 0x0000000089200000| Untracked 
| 147|0x0000000089300000, 0x0000000089400000, 0x0000000089400000|100%| O|  |TAMS 0x0000000089300000, 0x0000000089300000| Untracked 
| 148|0x0000000089400000, 0x0000000089500000, 0x0000000089500000|100%| O|  |TAMS 0x0000000089500000, 0x0000000089400000| Untracked 
| 149|0x0000000089500000, 0x0000000089600000, 0x0000000089600000|100%| O|  |TAMS 0x0000000089600000, 0x0000000089500000| Untracked 
| 150|0x0000000089600000, 0x0000000089700000, 0x0000000089700000|100%| O|  |TAMS 0x0000000089700000, 0x0000000089600000| Untracked 
| 151|0x0000000089700000, 0x0000000089800000, 0x0000000089800000|100%| O|  |TAMS 0x0000000089800000, 0x0000000089700000| Untracked 
| 152|0x0000000089800000, 0x0000000089900000, 0x0000000089900000|100%| O|  |TAMS 0x0000000089900000, 0x0000000089800000| Untracked 
| 153|0x0000000089900000, 0x0000000089a00000, 0x0000000089a00000|100%| O|  |TAMS 0x0000000089900000, 0x0000000089900000| Untracked 
| 154|0x0000000089a00000, 0x0000000089b00000, 0x0000000089b00000|100%| O|  |TAMS 0x0000000089a00000, 0x0000000089a00000| Untracked 
| 155|0x0000000089b00000, 0x0000000089c00000, 0x0000000089c00000|100%| O|  |TAMS 0x0000000089c00000, 0x0000000089b00000| Untracked 
| 156|0x0000000089c00000, 0x0000000089d00000, 0x0000000089d00000|100%| O|  |TAMS 0x0000000089d00000, 0x0000000089c00000| Untracked 
| 157|0x0000000089d00000, 0x0000000089e00000, 0x0000000089e00000|100%| O|  |TAMS 0x0000000089e00000, 0x0000000089d00000| Untracked 
| 158|0x0000000089e00000, 0x0000000089f00000, 0x0000000089f00000|100%| O|  |TAMS 0x0000000089f00000, 0x0000000089e00000| Untracked 
| 159|0x0000000089f00000, 0x000000008a000000, 0x000000008a000000|100%| O|  |TAMS 0x000000008a000000, 0x0000000089f00000| Untracked 
| 160|0x000000008a000000, 0x000000008a100000, 0x000000008a100000|100%| O|  |TAMS 0x000000008a100000, 0x000000008a000000| Untracked 
| 161|0x000000008a100000, 0x000000008a200000, 0x000000008a200000|100%| O|  |TAMS 0x000000008a200000, 0x000000008a100000| Untracked 
| 162|0x000000008a200000, 0x000000008a300000, 0x000000008a300000|100%|HS|  |TAMS 0x000000008a200000, 0x000000008a200000| Complete 
| 163|0x000000008a300000, 0x000000008a400000, 0x000000008a400000|100%|HC|  |TAMS 0x000000008a300000, 0x000000008a300000| Complete 
| 164|0x000000008a400000, 0x000000008a500000, 0x000000008a500000|100%| O|  |TAMS 0x000000008a500000, 0x000000008a400000| Untracked 
| 165|0x000000008a500000, 0x000000008a600000, 0x000000008a600000|100%| O|  |TAMS 0x000000008a600000, 0x000000008a500000| Untracked 
| 166|0x000000008a600000, 0x000000008a700000, 0x000000008a700000|100%| O|  |TAMS 0x000000008a700000, 0x000000008a600000| Untracked 
| 167|0x000000008a700000, 0x000000008a800000, 0x000000008a800000|100%| O|  |TAMS 0x000000008a800000, 0x000000008a700000| Untracked 
| 168|0x000000008a800000, 0x000000008a900000, 0x000000008a900000|100%| O|  |TAMS 0x000000008a900000, 0x000000008a800000| Untracked 
| 169|0x000000008a900000, 0x000000008aa00000, 0x000000008aa00000|100%| O|  |TAMS 0x000000008aa00000, 0x000000008a900000| Untracked 
| 170|0x000000008aa00000, 0x000000008ab00000, 0x000000008ab00000|100%| O|  |TAMS 0x000000008ab00000, 0x000000008aa00000| Untracked 
| 171|0x000000008ab00000, 0x000000008ac00000, 0x000000008ac00000|100%| O|  |TAMS 0x000000008ac00000, 0x000000008ab00000| Untracked 
| 172|0x000000008ac00000, 0x000000008ad00000, 0x000000008ad00000|100%| O|  |TAMS 0x000000008ad00000, 0x000000008ac00000| Untracked 
| 173|0x000000008ad00000, 0x000000008ae00000, 0x000000008ae00000|100%| O|  |TAMS 0x000000008ae00000, 0x000000008ad00000| Untracked 
| 174|0x000000008ae00000, 0x000000008af00000, 0x000000008af00000|100%| O|  |TAMS 0x000000008ae00000, 0x000000008ae00000| Untracked 
| 175|0x000000008af00000, 0x000000008b000000, 0x000000008b000000|100%| O|  |TAMS 0x000000008af00000, 0x000000008af00000| Untracked 
| 176|0x000000008b000000, 0x000000008b100000, 0x000000008b100000|100%| O|  |TAMS 0x000000008b000000, 0x000000008b000000| Untracked 
| 177|0x000000008b100000, 0x000000008b200000, 0x000000008b200000|100%| O|  |TAMS 0x000000008b100000, 0x000000008b100000| Untracked 
| 178|0x000000008b200000, 0x000000008b300000, 0x000000008b300000|100%| O|  |TAMS 0x000000008b200000, 0x000000008b200000| Untracked 
| 179|0x000000008b300000, 0x000000008b400000, 0x000000008b400000|100%| O|  |TAMS 0x000000008b300000, 0x000000008b300000| Untracked 
| 180|0x000000008b400000, 0x000000008b500000, 0x000000008b500000|100%| O|  |TAMS 0x000000008b400000, 0x000000008b400000| Untracked 
| 181|0x000000008b500000, 0x000000008b600000, 0x000000008b600000|100%| O|  |TAMS 0x000000008b500000, 0x000000008b500000| Untracked 
| 182|0x000000008b600000, 0x000000008b700000, 0x000000008b700000|100%| O|  |TAMS 0x000000008b600000, 0x000000008b600000| Untracked 
| 183|0x000000008b700000, 0x000000008b800000, 0x000000008b800000|100%|HS|  |TAMS 0x000000008b700000, 0x000000008b700000| Complete 
| 184|0x000000008b800000, 0x000000008b900000, 0x000000008b900000|100%|HC|  |TAMS 0x000000008b800000, 0x000000008b800000| Complete 
| 185|0x000000008b900000, 0x000000008ba00000, 0x000000008ba00000|100%|HC|  |TAMS 0x000000008b900000, 0x000000008b900000| Complete 
| 186|0x000000008ba00000, 0x000000008bb00000, 0x000000008bb00000|100%|HS|  |TAMS 0x000000008ba00000, 0x000000008ba00000| Complete 
| 187|0x000000008bb00000, 0x000000008bc00000, 0x000000008bc00000|100%|HC|  |TAMS 0x000000008bb00000, 0x000000008bb00000| Complete 
| 188|0x000000008bc00000, 0x000000008bd00000, 0x000000008bd00000|100%|HS|  |TAMS 0x000000008bc00000, 0x000000008bc00000| Complete 
| 189|0x000000008bd00000, 0x000000008be00000, 0x000000008be00000|100%|HC|  |TAMS 0x000000008bd00000, 0x000000008bd00000| Complete 
| 190|0x000000008be00000, 0x000000008bf00000, 0x000000008bf00000|100%|HC|  |TAMS 0x000000008be00000, 0x000000008be00000| Complete 
| 191|0x000000008bf00000, 0x000000008c000000, 0x000000008c000000|100%|HC|  |TAMS 0x000000008bf00000, 0x000000008bf00000| Complete 
| 192|0x000000008c000000, 0x000000008c100000, 0x000000008c100000|100%|HC|  |TAMS 0x000000008c000000, 0x000000008c000000| Complete 
| 193|0x000000008c100000, 0x000000008c200000, 0x000000008c200000|100%|HC|  |TAMS 0x000000008c100000, 0x000000008c100000| Complete 
| 194|0x000000008c200000, 0x000000008c300000, 0x000000008c300000|100%|HC|  |TAMS 0x000000008c200000, 0x000000008c200000| Complete 
| 195|0x000000008c300000, 0x000000008c400000, 0x000000008c400000|100%|HC|  |TAMS 0x000000008c300000, 0x000000008c300000| Complete 
| 196|0x000000008c400000, 0x000000008c500000, 0x000000008c500000|100%|HC|  |TAMS 0x000000008c400000, 0x000000008c400000| Complete 
| 197|0x000000008c500000, 0x000000008c600000, 0x000000008c600000|100%|HC|  |TAMS 0x000000008c500000, 0x000000008c500000| Complete 
| 198|0x000000008c600000, 0x000000008c700000, 0x000000008c700000|100%|HC|  |TAMS 0x000000008c600000, 0x000000008c600000| Complete 
| 199|0x000000008c700000, 0x000000008c800000, 0x000000008c800000|100%|HC|  |TAMS 0x000000008c700000, 0x000000008c700000| Complete 
| 200|0x000000008c800000, 0x000000008c900000, 0x000000008c900000|100%|HS|  |TAMS 0x000000008c800000, 0x000000008c800000| Complete 
| 201|0x000000008c900000, 0x000000008ca00000, 0x000000008ca00000|100%|HC|  |TAMS 0x000000008c900000, 0x000000008c900000| Complete 
| 202|0x000000008ca00000, 0x000000008cb00000, 0x000000008cb00000|100%| O|  |TAMS 0x000000008ca00000, 0x000000008ca00000| Untracked 
| 203|0x000000008cb00000, 0x000000008cc00000, 0x000000008cc00000|100%| O|  |TAMS 0x000000008cb00000, 0x000000008cb00000| Untracked 
| 204|0x000000008cc00000, 0x000000008cd00000, 0x000000008cd00000|100%| O|  |TAMS 0x000000008cc00000, 0x000000008cc00000| Untracked 
| 205|0x000000008cd00000, 0x000000008ce00000, 0x000000008ce00000|100%| O|  |TAMS 0x000000008cd00000, 0x000000008cd00000| Untracked 
| 206|0x000000008ce00000, 0x000000008cf00000, 0x000000008cf00000|100%| O|  |TAMS 0x000000008ce00000, 0x000000008ce00000| Untracked 
| 207|0x000000008cf00000, 0x000000008d000000, 0x000000008d000000|100%| O|  |TAMS 0x000000008cf00000, 0x000000008cf00000| Untracked 
| 208|0x000000008d000000, 0x000000008d100000, 0x000000008d100000|100%| O|  |TAMS 0x000000008d000000, 0x000000008d000000| Untracked 
| 209|0x000000008d100000, 0x000000008d200000, 0x000000008d200000|100%| O|  |TAMS 0x000000008d100000, 0x000000008d100000| Untracked 
| 210|0x000000008d200000, 0x000000008d300000, 0x000000008d300000|100%| O|  |TAMS 0x000000008d200000, 0x000000008d200000| Untracked 
| 211|0x000000008d300000, 0x000000008d400000, 0x000000008d400000|100%| O|  |TAMS 0x000000008d300000, 0x000000008d300000| Untracked 
| 212|0x000000008d400000, 0x000000008d500000, 0x000000008d500000|100%| O|  |TAMS 0x000000008d400000, 0x000000008d400000| Untracked 
| 213|0x000000008d500000, 0x000000008d600000, 0x000000008d600000|100%| O|  |TAMS 0x000000008d500000, 0x000000008d500000| Untracked 
| 214|0x000000008d600000, 0x000000008d700000, 0x000000008d700000|100%| O|  |TAMS 0x000000008d600000, 0x000000008d600000| Untracked 
| 215|0x000000008d700000, 0x000000008d800000, 0x000000008d800000|100%| O|  |TAMS 0x000000008d700000, 0x000000008d700000| Untracked 
| 216|0x000000008d800000, 0x000000008d900000, 0x000000008d900000|100%| O|  |TAMS 0x000000008d800000, 0x000000008d800000| Untracked 
| 217|0x000000008d900000, 0x000000008da00000, 0x000000008da00000|100%| O|  |TAMS 0x000000008d900000, 0x000000008d900000| Untracked 
| 218|0x000000008da00000, 0x000000008db00000, 0x000000008db00000|100%| O|  |TAMS 0x000000008da00000, 0x000000008da00000| Untracked 
| 219|0x000000008db00000, 0x000000008dc00000, 0x000000008dc00000|100%| O|  |TAMS 0x000000008db00000, 0x000000008db00000| Untracked 
| 220|0x000000008dc00000, 0x000000008dd00000, 0x000000008dd00000|100%| O|  |TAMS 0x000000008dc00000, 0x000000008dc00000| Untracked 
| 221|0x000000008dd00000, 0x000000008de00000, 0x000000008de00000|100%| O|  |TAMS 0x000000008dd00000, 0x000000008dd00000| Untracked 
| 222|0x000000008de00000, 0x000000008df00000, 0x000000008df00000|100%| O|  |TAMS 0x000000008de00000, 0x000000008de00000| Untracked 
| 223|0x000000008df00000, 0x000000008e000000, 0x000000008e000000|100%| O|  |TAMS 0x000000008df00000, 0x000000008df00000| Untracked 
| 224|0x000000008e000000, 0x000000008e100000, 0x000000008e100000|100%| O|  |TAMS 0x000000008e000000, 0x000000008e000000| Untracked 
| 225|0x000000008e100000, 0x000000008e200000, 0x000000008e200000|100%| O|  |TAMS 0x000000008e100000, 0x000000008e100000| Untracked 
| 226|0x000000008e200000, 0x000000008e300000, 0x000000008e300000|100%| O|  |TAMS 0x000000008e200000, 0x000000008e200000| Untracked 
| 227|0x000000008e300000, 0x000000008e400000, 0x000000008e400000|100%| O|  |TAMS 0x000000008e300000, 0x000000008e300000| Untracked 
| 228|0x000000008e400000, 0x000000008e500000, 0x000000008e500000|100%| O|  |TAMS 0x000000008e400000, 0x000000008e400000| Untracked 
| 229|0x000000008e500000, 0x000000008e600000, 0x000000008e600000|100%| O|  |TAMS 0x000000008e500000, 0x000000008e500000| Untracked 
| 230|0x000000008e600000, 0x000000008e700000, 0x000000008e700000|100%| O|  |TAMS 0x000000008e600000, 0x000000008e600000| Untracked 
| 231|0x000000008e700000, 0x000000008e800000, 0x000000008e800000|100%| O|  |TAMS 0x000000008e700000, 0x000000008e700000| Untracked 
| 232|0x000000008e800000, 0x000000008e900000, 0x000000008e900000|100%| O|  |TAMS 0x000000008e800000, 0x000000008e800000| Untracked 
| 233|0x000000008e900000, 0x000000008ea00000, 0x000000008ea00000|100%| O|  |TAMS 0x000000008e900000, 0x000000008e900000| Untracked 
| 234|0x000000008ea00000, 0x000000008eb00000, 0x000000008eb00000|100%| O|  |TAMS 0x000000008ea00000, 0x000000008ea00000| Untracked 
| 235|0x000000008eb00000, 0x000000008ec00000, 0x000000008ec00000|100%| O|  |TAMS 0x000000008eb00000, 0x000000008eb00000| Untracked 
| 236|0x000000008ec00000, 0x000000008ed00000, 0x000000008ed00000|100%| O|  |TAMS 0x000000008ec00000, 0x000000008ec00000| Untracked 
| 237|0x000000008ed00000, 0x000000008ee00000, 0x000000008ee00000|100%| O|  |TAMS 0x000000008ed00000, 0x000000008ed00000| Untracked 
| 238|0x000000008ee00000, 0x000000008ef00000, 0x000000008ef00000|100%| O|  |TAMS 0x000000008ee00000, 0x000000008ee00000| Untracked 
| 239|0x000000008ef00000, 0x000000008f000000, 0x000000008f000000|100%| O|  |TAMS 0x000000008ef00000, 0x000000008ef00000| Untracked 
| 240|0x000000008f000000, 0x000000008f100000, 0x000000008f100000|100%| O|  |TAMS 0x000000008f000000, 0x000000008f000000| Untracked 
| 241|0x000000008f100000, 0x000000008f200000, 0x000000008f200000|100%| O|  |TAMS 0x000000008f100000, 0x000000008f100000| Untracked 
| 242|0x000000008f200000, 0x000000008f300000, 0x000000008f300000|100%| O|  |TAMS 0x000000008f200000, 0x000000008f200000| Untracked 
| 243|0x000000008f300000, 0x000000008f400000, 0x000000008f400000|100%| O|  |TAMS 0x000000008f300000, 0x000000008f300000| Untracked 
| 244|0x000000008f400000, 0x000000008f500000, 0x000000008f500000|100%| O|  |TAMS 0x000000008f400000, 0x000000008f400000| Untracked 
| 245|0x000000008f500000, 0x000000008f600000, 0x000000008f600000|100%| O|  |TAMS 0x000000008f500000, 0x000000008f500000| Untracked 
| 246|0x000000008f600000, 0x000000008f700000, 0x000000008f700000|100%| O|  |TAMS 0x000000008f600000, 0x000000008f600000| Untracked 
| 247|0x000000008f700000, 0x000000008f800000, 0x000000008f800000|100%| O|  |TAMS 0x000000008f700000, 0x000000008f700000| Untracked 
| 248|0x000000008f800000, 0x000000008f900000, 0x000000008f900000|100%| O|  |TAMS 0x000000008f800000, 0x000000008f800000| Untracked 
| 249|0x000000008f900000, 0x000000008fa00000, 0x000000008fa00000|100%| O|  |TAMS 0x000000008f900000, 0x000000008f900000| Untracked 
| 250|0x000000008fa00000, 0x000000008fb00000, 0x000000008fb00000|100%| O|  |TAMS 0x000000008fa00000, 0x000000008fa00000| Untracked 
| 251|0x000000008fb00000, 0x000000008fc00000, 0x000000008fc00000|100%| O|  |TAMS 0x000000008fb00000, 0x000000008fb00000| Untracked 
| 252|0x000000008fc00000, 0x000000008fd00000, 0x000000008fd00000|100%| O|  |TAMS 0x000000008fc00000, 0x000000008fc00000| Untracked 
| 253|0x000000008fd00000, 0x000000008fe00000, 0x000000008fe00000|100%| O|  |TAMS 0x000000008fd00000, 0x000000008fd00000| Untracked 
| 254|0x000000008fe00000, 0x000000008ff00000, 0x000000008ff00000|100%| O|  |TAMS 0x000000008fe00000, 0x000000008fe00000| Untracked 
| 255|0x000000008ff00000, 0x0000000090000000, 0x0000000090000000|100%| O|  |TAMS 0x000000008ff00000, 0x000000008ff00000| Untracked 
| 256|0x0000000090000000, 0x0000000090100000, 0x0000000090100000|100%| O|  |TAMS 0x0000000090000000, 0x0000000090000000| Untracked 
| 257|0x0000000090100000, 0x0000000090200000, 0x0000000090200000|100%| O|  |TAMS 0x0000000090100000, 0x0000000090100000| Untracked 
| 258|0x0000000090200000, 0x0000000090300000, 0x0000000090300000|100%| O|  |TAMS 0x0000000090200000, 0x0000000090200000| Untracked 
| 259|0x0000000090300000, 0x0000000090400000, 0x0000000090400000|100%| O|  |TAMS 0x0000000090300000, 0x0000000090300000| Untracked 
| 260|0x0000000090400000, 0x0000000090500000, 0x0000000090500000|100%| O|  |TAMS 0x0000000090400000, 0x0000000090400000| Untracked 
| 261|0x0000000090500000, 0x0000000090600000, 0x0000000090600000|100%| O|  |TAMS 0x0000000090500000, 0x0000000090500000| Untracked 
| 262|0x0000000090600000, 0x0000000090700000, 0x0000000090700000|100%| O|  |TAMS 0x0000000090600000, 0x0000000090600000| Untracked 
| 263|0x0000000090700000, 0x0000000090800000, 0x0000000090800000|100%| O|  |TAMS 0x0000000090700000, 0x0000000090700000| Untracked 
| 264|0x0000000090800000, 0x0000000090900000, 0x0000000090900000|100%| O|  |TAMS 0x0000000090800000, 0x0000000090800000| Untracked 
| 265|0x0000000090900000, 0x0000000090a00000, 0x0000000090a00000|100%| O|  |TAMS 0x0000000090900000, 0x0000000090900000| Untracked 
| 266|0x0000000090a00000, 0x0000000090b00000, 0x0000000090b00000|100%| O|  |TAMS 0x0000000090a00000, 0x0000000090a00000| Untracked 
| 267|0x0000000090b00000, 0x0000000090c00000, 0x0000000090c00000|100%| O|  |TAMS 0x0000000090b00000, 0x0000000090b00000| Untracked 
| 268|0x0000000090c00000, 0x0000000090d00000, 0x0000000090d00000|100%| O|  |TAMS 0x0000000090c00000, 0x0000000090c00000| Untracked 
| 269|0x0000000090d00000, 0x0000000090e00000, 0x0000000090e00000|100%| O|  |TAMS 0x0000000090d00000, 0x0000000090d00000| Untracked 
| 270|0x0000000090e00000, 0x0000000090f00000, 0x0000000090f00000|100%| O|  |TAMS 0x0000000090e00000, 0x0000000090e00000| Untracked 
| 271|0x0000000090f00000, 0x0000000091000000, 0x0000000091000000|100%| O|  |TAMS 0x0000000090f00000, 0x0000000090f00000| Untracked 
| 272|0x0000000091000000, 0x0000000091100000, 0x0000000091100000|100%| O|  |TAMS 0x0000000091000000, 0x0000000091000000| Untracked 
| 273|0x0000000091100000, 0x0000000091200000, 0x0000000091200000|100%| O|  |TAMS 0x0000000091100000, 0x0000000091100000| Untracked 
| 274|0x0000000091200000, 0x0000000091300000, 0x0000000091300000|100%| O|  |TAMS 0x0000000091200000, 0x0000000091200000| Untracked 
| 275|0x0000000091300000, 0x0000000091400000, 0x0000000091400000|100%| O|  |TAMS 0x0000000091300000, 0x0000000091300000| Untracked 
| 276|0x0000000091400000, 0x0000000091500000, 0x0000000091500000|100%| O|  |TAMS 0x0000000091400000, 0x0000000091400000| Untracked 
| 277|0x0000000091500000, 0x0000000091600000, 0x0000000091600000|100%| O|  |TAMS 0x0000000091500000, 0x0000000091500000| Untracked 
| 278|0x0000000091600000, 0x0000000091700000, 0x0000000091700000|100%| O|  |TAMS 0x0000000091600000, 0x0000000091600000| Untracked 
| 279|0x0000000091700000, 0x0000000091800000, 0x0000000091800000|100%| O|  |TAMS 0x0000000091700000, 0x0000000091700000| Untracked 
| 280|0x0000000091800000, 0x0000000091900000, 0x0000000091900000|100%| O|  |TAMS 0x0000000091800000, 0x0000000091800000| Untracked 
| 281|0x0000000091900000, 0x0000000091a00000, 0x0000000091a00000|100%| O|  |TAMS 0x0000000091900000, 0x0000000091900000| Untracked 
| 282|0x0000000091a00000, 0x0000000091a01a00, 0x0000000091b00000|  0%| O|  |TAMS 0x0000000091a00000, 0x0000000091a00000| Untracked 
| 283|0x0000000091b00000, 0x0000000091b00000, 0x0000000091c00000|  0%| F|  |TAMS 0x0000000091b00000, 0x0000000091b00000| Untracked 
| 284|0x0000000091c00000, 0x0000000091c00000, 0x0000000091d00000|  0%| F|  |TAMS 0x0000000091c00000, 0x0000000091c00000| Untracked 
| 285|0x0000000091d00000, 0x0000000091d00000, 0x0000000091e00000|  0%| F|  |TAMS 0x0000000091d00000, 0x0000000091d00000| Untracked 
| 286|0x0000000091e00000, 0x0000000091e00000, 0x0000000091f00000|  0%| F|  |TAMS 0x0000000091e00000, 0x0000000091e00000| Untracked 
| 287|0x0000000091f00000, 0x0000000091f00000, 0x0000000092000000|  0%| F|  |TAMS 0x0000000091f00000, 0x0000000091f00000| Untracked 
| 288|0x0000000092000000, 0x0000000092000000, 0x0000000092100000|  0%| F|  |TAMS 0x0000000092000000, 0x0000000092000000| Untracked 
| 289|0x0000000092100000, 0x0000000092100000, 0x0000000092200000|  0%| F|  |TAMS 0x0000000092100000, 0x0000000092100000| Untracked 
| 290|0x0000000092200000, 0x0000000092200000, 0x0000000092300000|  0%| F|  |TAMS 0x0000000092200000, 0x0000000092200000| Untracked 
| 291|0x0000000092300000, 0x0000000092300000, 0x0000000092400000|  0%| F|  |TAMS 0x0000000092300000, 0x0000000092300000| Untracked 
| 292|0x0000000092400000, 0x0000000092400000, 0x0000000092500000|  0%| F|  |TAMS 0x0000000092400000, 0x0000000092400000| Untracked 
| 293|0x0000000092500000, 0x0000000092500000, 0x0000000092600000|  0%| F|  |TAMS 0x0000000092500000, 0x0000000092500000| Untracked 
| 294|0x0000000092600000, 0x0000000092600000, 0x0000000092700000|  0%| F|  |TAMS 0x0000000092600000, 0x0000000092600000| Untracked 
| 295|0x0000000092700000, 0x0000000092700000, 0x0000000092800000|  0%| F|  |TAMS 0x0000000092700000, 0x0000000092700000| Untracked 
| 296|0x0000000092800000, 0x0000000092800000, 0x0000000092900000|  0%| F|  |TAMS 0x0000000092800000, 0x0000000092800000| Untracked 
| 297|0x0000000092900000, 0x0000000092900000, 0x0000000092a00000|  0%| F|  |TAMS 0x0000000092900000, 0x0000000092900000| Untracked 
| 298|0x0000000092a00000, 0x0000000092a00000, 0x0000000092b00000|  0%| F|  |TAMS 0x0000000092a00000, 0x0000000092a00000| Untracked 
| 299|0x0000000092b00000, 0x0000000092b00000, 0x0000000092c00000|  0%| F|  |TAMS 0x0000000092b00000, 0x0000000092b00000| Untracked 
| 300|0x0000000092c00000, 0x0000000092c00000, 0x0000000092d00000|  0%| F|  |TAMS 0x0000000092c00000, 0x0000000092c00000| Untracked 
| 301|0x0000000092d00000, 0x0000000092d00000, 0x0000000092e00000|  0%| F|  |TAMS 0x0000000092d00000, 0x0000000092d00000| Untracked 
| 302|0x0000000092e00000, 0x0000000092e00000, 0x0000000092f00000|  0%| F|  |TAMS 0x0000000092e00000, 0x0000000092e00000| Untracked 
| 303|0x0000000092f00000, 0x0000000092f00000, 0x0000000093000000|  0%| F|  |TAMS 0x0000000092f00000, 0x0000000092f00000| Untracked 
| 304|0x0000000093000000, 0x0000000093000000, 0x0000000093100000|  0%| F|  |TAMS 0x0000000093000000, 0x0000000093000000| Untracked 
| 305|0x0000000093100000, 0x0000000093100000, 0x0000000093200000|  0%| F|  |TAMS 0x0000000093100000, 0x0000000093100000| Untracked 
| 306|0x0000000093200000, 0x0000000093200000, 0x0000000093300000|  0%| F|  |TAMS 0x0000000093200000, 0x0000000093200000| Untracked 
| 307|0x0000000093300000, 0x00000000933c9a08, 0x0000000093400000| 78%| S|CS|TAMS 0x0000000093300000, 0x0000000093300000| Complete 
| 308|0x0000000093400000, 0x0000000093400000, 0x0000000093500000|  0%| F|  |TAMS 0x0000000093400000, 0x0000000093400000| Untracked 
| 309|0x0000000093500000, 0x0000000093600000, 0x0000000093600000|100%| S|CS|TAMS 0x0000000093500000, 0x0000000093500000| Complete 
| 310|0x0000000093600000, 0x0000000093600000, 0x0000000093700000|  0%| F|  |TAMS 0x0000000093600000, 0x0000000093600000| Untracked 
| 311|0x0000000093700000, 0x0000000093700000, 0x0000000093800000|  0%| F|  |TAMS 0x0000000093700000, 0x0000000093700000| Untracked 
| 312|0x0000000093800000, 0x0000000093800000, 0x0000000093900000|  0%| F|  |TAMS 0x0000000093800000, 0x0000000093800000| Untracked 
| 313|0x0000000093900000, 0x0000000093900000, 0x0000000093a00000|  0%| F|  |TAMS 0x0000000093900000, 0x0000000093900000| Untracked 
| 314|0x0000000093a00000, 0x0000000093a00000, 0x0000000093b00000|  0%| F|  |TAMS 0x0000000093a00000, 0x0000000093a00000| Untracked 
| 315|0x0000000093b00000, 0x0000000093b6b7f8, 0x0000000093c00000| 41%| E|  |TAMS 0x0000000093b00000, 0x0000000093b00000| Complete 
| 316|0x0000000093c00000, 0x0000000093d00000, 0x0000000093d00000|100%| E|CS|TAMS 0x0000000093c00000, 0x0000000093c00000| Complete 
| 317|0x0000000093d00000, 0x0000000093e00000, 0x0000000093e00000|100%| E|CS|TAMS 0x0000000093d00000, 0x0000000093d00000| Complete 
| 318|0x0000000093e00000, 0x0000000093f00000, 0x0000000093f00000|100%| E|CS|TAMS 0x0000000093e00000, 0x0000000093e00000| Complete 
| 319|0x0000000093f00000, 0x0000000094000000, 0x0000000094000000|100%| E|CS|TAMS 0x0000000093f00000, 0x0000000093f00000| Complete 
| 320|0x0000000094000000, 0x0000000094100000, 0x0000000094100000|100%| E|CS|TAMS 0x0000000094000000, 0x0000000094000000| Complete 
| 321|0x0000000094100000, 0x0000000094200000, 0x0000000094200000|100%| E|CS|TAMS 0x0000000094100000, 0x0000000094100000| Complete 
| 322|0x0000000094200000, 0x0000000094300000, 0x0000000094300000|100%| E|  |TAMS 0x0000000094200000, 0x0000000094200000| Complete 
| 323|0x0000000094300000, 0x0000000094400000, 0x0000000094400000|100%| E|CS|TAMS 0x0000000094300000, 0x0000000094300000| Complete 

Card table byte_map: [0x00000252b8600000,0x00000252b8a00000] _byte_map_base: 0x00000252b8200000

Marking Bits (Prev, Next): (CMBitMap*) 0x00000252a58568d0, (CMBitMap*) 0x00000252a5856910
 Prev Bits: [0x00000252b8e00000, 0x00000252bae00000)
 Next Bits: [0x00000252bae00000, 0x00000252bce00000)

Polling page: 0x00000252a3590000

Metaspace:

Usage:
  Non-class:    153.20 MB used.
      Class:     23.00 MB used.
       Both:    176.20 MB used.

Virtual space:
  Non-class space:      160.00 MB reserved,     153.88 MB ( 96%) committed,  20 nodes.
      Class space:        1.00 GB reserved,      23.56 MB (  2%) committed,  1 nodes.
             Both:        1.16 GB reserved,     177.44 MB ( 15%) committed. 

Chunk freelists:
   Non-Class:  2.12 MB
       Class:  325.00 KB
        Both:  2.43 MB

MaxMetaspaceSize: unlimited
CompressedClassSpaceSize: 1.00 GB
Initial GC threshold: 21.00 MB
Current GC threshold: 210.62 MB
CDS: off
MetaspaceReclaimPolicy: balanced
 - commit_granule_bytes: 65536.
 - commit_granule_words: 8192.
 - virtual_space_node_default_size: 1048576.
 - enlarge_chunks_in_place: 1.
 - new_chunks_are_fully_committed: 0.
 - uncommit_free_chunks: 1.
 - use_allocation_guard: 0.
 - handle_deallocations: 1.


Internal statistics:

num_allocs_failed_limit: 9.
num_arena_births: 2036.
num_arena_deaths: 0.
num_vsnodes_births: 21.
num_vsnodes_deaths: 0.
num_space_committed: 2836.
num_space_uncommitted: 0.
num_chunks_returned_to_freelist: 9.
num_chunks_taken_from_freelist: 8917.
num_chunk_merges: 9.
num_chunk_splits: 6161.
num_chunks_enlarged: 4303.
num_purges: 0.
num_inconsistent_stats: 0.

CodeHeap 'non-profiled nmethods': size=120000Kb used=9811Kb max_used=9811Kb free=110188Kb
 bounds [0x00000252b0780000, 0x00000252b1120000, 0x00000252b7cb0000]
CodeHeap 'profiled nmethods': size=120000Kb used=35421Kb max_used=35436Kb free=84578Kb
 bounds [0x00000252a8cb0000, 0x00000252aaf50000, 0x00000252b01e0000]
CodeHeap 'non-nmethods': size=5760Kb used=2647Kb max_used=2696Kb free=3112Kb
 bounds [0x00000252b01e0000, 0x00000252b0490000, 0x00000252b0780000]
 total_blobs=18562 nmethods=17344 adapters=1127
 compilation: enabled
              stopped_count=0, restarted_count=0
 full_count=0

Compilation events (20 events):
Event: 3420.722 Thread 0x00000252c0429fd0 19992       3       org.gradle.api.internal.provider.sources.GradlePropertyValueSource$Inject::getParameters (31 bytes)
Event: 3420.722 Thread 0x00000252c0429fd0 nmethod 19992 0x00000252aaf40090 code [0x00000252aaf40280, 0x00000252aaf40898]
Event: 3420.722 Thread 0x00000252c0429fd0 19993       3       org.gradle.api.internal.provider.sources.GradlePropertyValueSource$Parameters$Inject::getPropertyName (34 bytes)
Event: 3420.723 Thread 0x00000252c0429fd0 nmethod 19993 0x00000252aaf40a10 code [0x00000252aaf40be0, 0x00000252aaf40fd8]
Event: 3420.723 Thread 0x00000252c0429fd0 19987       3       org.gradle.api.internal.provider.sources.GradlePropertyValueSource$Parameters$Inject::$gradleInitWork (15 bytes)
Event: 3420.723 Thread 0x00000252c0429fd0 nmethod 19987 0x00000252aaf41110 code [0x00000252aaf412e0, 0x00000252aaf41738]
Event: 3420.723 Thread 0x00000252c0429fd0 19988       3       org.gradle.api.internal.provider.sources.GradlePropertyValueSource$Inject$$Lambda$958/0x0000000100a14fb0::run (8 bytes)
Event: 3420.723 Thread 0x00000252c0429fd0 nmethod 19988 0x00000252aaf41890 code [0x00000252aaf41a80, 0x00000252aaf42118]
Event: 3420.723 Thread 0x00000252c0429fd0 19989       3       org.gradle.api.internal.provider.sources.GradlePropertyValueSource$Inject::$gradleInitWork (15 bytes)
Event: 3420.724 Thread 0x00000252c0429fd0 nmethod 19989 0x00000252aaf42310 code [0x00000252aaf42500, 0x00000252aaf42b18]
Event: 3420.724 Thread 0x00000252c0429fd0 19990       3       org.gradle.api.internal.provider.sources.GradlePropertyValueSource::obtain (5 bytes)
Event: 3420.724 Thread 0x00000252c0429fd0 nmethod 19990 0x00000252aaf42c90 code [0x00000252aaf42f20, 0x00000252aaf43f28]
Event: 3420.724 Thread 0x00000252c0429fd0 19991       3       org.gradle.api.internal.provider.sources.GradlePropertyValueSource::obtain (25 bytes)
Event: 3420.725 Thread 0x00000252c0429fd0 nmethod 19991 0x00000252aaf44310 code [0x00000252aaf445e0, 0x00000252aaf45a58]
Event: 3420.725 Thread 0x00000252c0429530 nmethod 19983 0x00000252b1113e90 code [0x00000252b1114040, 0x00000252b11145a8]
Event: 3420.725 Thread 0x00000252c0429530 19965       4       org.gradle.internal.snapshot.impl.AbstractValueProcessor::processValue (775 bytes)
Event: 3420.741 Thread 0x00000252c0429fd0 19994       3       com.google.common.collect.FluentIterable::getDelegate (12 bytes)
Event: 3420.742 Thread 0x00000252c0429fd0 nmethod 19994 0x00000252aaf45f10 code [0x00000252aaf460c0, 0x00000252aaf46388]
Event: 3420.747 Thread 0x00000252c0429fd0 19995       3       org.gradle.model.internal.core.ModelPath::compareTo (19 bytes)
Event: 3420.747 Thread 0x00000252c0429fd0 nmethod 19995 0x00000252aaf46490 code [0x00000252aaf46640, 0x00000252aaf467e8]

GC Heap History (20 events):
Event: 40.701 GC heap before
{Heap before GC invocations=76 (full 0):
 garbage-first heap   total 331776K, used 296622K [0x0000000080000000, 0x0000000100000000)
  region size 1024K, 16 young (16384K), 2 survivors (2048K)
 Metaspace       used 176844K, committed 177984K, reserved 1204224K
  class space    used 23085K, committed 23616K, reserved 1048576K
}
Event: 40.704 GC heap after
{Heap after GC invocations=77 (full 0):
 garbage-first heap   total 331776K, used 284095K [0x0000000080000000, 0x0000000100000000)
  region size 1024K, 1 young (1024K), 1 survivors (1024K)
 Metaspace       used 176844K, committed 177984K, reserved 1204224K
  class space    used 23085K, committed 23616K, reserved 1048576K
}
Event: 40.864 GC heap before
{Heap before GC invocations=77 (full 0):
 garbage-first heap   total 331776K, used 299455K [0x0000000080000000, 0x0000000100000000)
  region size 1024K, 16 young (16384K), 1 survivors (1024K)
 Metaspace       used 177552K, committed 178688K, reserved 1204224K
  class space    used 23175K, committed 23744K, reserved 1048576K
}
Event: 40.867 GC heap after
{Heap after GC invocations=78 (full 0):
 garbage-first heap   total 331776K, used 285689K [0x0000000080000000, 0x0000000100000000)
  region size 1024K, 2 young (2048K), 2 survivors (2048K)
 Metaspace       used 177552K, committed 178688K, reserved 1204224K
  class space    used 23175K, committed 23744K, reserved 1048576K
}
Event: 41.090 GC heap before
{Heap before GC invocations=78 (full 0):
 garbage-first heap   total 331776K, used 299001K [0x0000000080000000, 0x0000000100000000)
  region size 1024K, 16 young (16384K), 2 survivors (2048K)
 Metaspace       used 179296K, committed 180480K, reserved 1212416K
  class space    used 23418K, committed 24000K, reserved 1048576K
}
Event: 41.093 GC heap after
{Heap after GC invocations=79 (full 0):
 garbage-first heap   total 331776K, used 287573K [0x0000000080000000, 0x0000000100000000)
  region size 1024K, 2 young (2048K), 2 survivors (2048K)
 Metaspace       used 179296K, committed 180480K, reserved 1212416K
  class space    used 23418K, committed 24000K, reserved 1048576K
}
Event: 199.553 GC heap before
{Heap before GC invocations=79 (full 0):
 garbage-first heap   total 331776K, used 301909K [0x0000000080000000, 0x0000000100000000)
  region size 1024K, 16 young (16384K), 2 survivors (2048K)
 Metaspace       used 179805K, committed 180992K, reserved 1212416K
  class space    used 23492K, committed 24064K, reserved 1048576K
}
Event: 199.568 GC heap after
{Heap after GC invocations=80 (full 0):
 garbage-first heap   total 331776K, used 287743K [0x0000000080000000, 0x0000000100000000)
  region size 1024K, 1 young (1024K), 1 survivors (1024K)
 Metaspace       used 179805K, committed 180992K, reserved 1212416K
  class space    used 23492K, committed 24064K, reserved 1048576K
}
Event: 1022.008 GC heap before
{Heap before GC invocations=80 (full 0):
 garbage-first heap   total 331776K, used 303103K [0x0000000080000000, 0x0000000100000000)
  region size 1024K, 16 young (16384K), 1 survivors (1024K)
 Metaspace       used 179926K, committed 181120K, reserved 1212416K
  class space    used 23492K, committed 24064K, reserved 1048576K
}
Event: 1022.052 GC heap after
{Heap after GC invocations=81 (full 0):
 garbage-first heap   total 331776K, used 287620K [0x0000000080000000, 0x0000000100000000)
  region size 1024K, 1 young (1024K), 1 survivors (1024K)
 Metaspace       used 179926K, committed 181120K, reserved 1212416K
  class space    used 23492K, committed 24064K, reserved 1048576K
}
Event: 1851.992 GC heap before
{Heap before GC invocations=81 (full 0):
 garbage-first heap   total 331776K, used 302980K [0x0000000080000000, 0x0000000100000000)
  region size 1024K, 16 young (16384K), 1 survivors (1024K)
 Metaspace       used 179998K, committed 181184K, reserved 1212416K
  class space    used 23492K, committed 24064K, reserved 1048576K
}
Event: 1852.036 GC heap after
{Heap after GC invocations=82 (full 0):
 garbage-first heap   total 331776K, used 287596K [0x0000000080000000, 0x0000000100000000)
  region size 1024K, 1 young (1024K), 1 survivors (1024K)
 Metaspace       used 179998K, committed 181184K, reserved 1212416K
  class space    used 23492K, committed 24064K, reserved 1048576K
}
Event: 2667.428 GC heap before
{Heap before GC invocations=82 (full 0):
 garbage-first heap   total 331776K, used 302956K [0x0000000080000000, 0x0000000100000000)
  region size 1024K, 16 young (16384K), 1 survivors (1024K)
 Metaspace       used 180040K, committed 181248K, reserved 1212416K
  class space    used 23492K, committed 24064K, reserved 1048576K
}
Event: 2667.498 GC heap after
{Heap after GC invocations=83 (full 0):
 garbage-first heap   total 331776K, used 287590K [0x0000000080000000, 0x0000000100000000)
  region size 1024K, 1 young (1024K), 1 survivors (1024K)
 Metaspace       used 180040K, committed 181248K, reserved 1212416K
  class space    used 23492K, committed 24064K, reserved 1048576K
}
Event: 3406.552 GC heap before
{Heap before GC invocations=83 (full 0):
 garbage-first heap   total 331776K, used 302950K [0x0000000080000000, 0x0000000100000000)
  region size 1024K, 16 young (16384K), 1 survivors (1024K)
 Metaspace       used 180075K, committed 181248K, reserved 1212416K
  class space    used 23498K, committed 24064K, reserved 1048576K
}
Event: 3406.576 GC heap after
{Heap after GC invocations=84 (full 0):
 garbage-first heap   total 331776K, used 287839K [0x0000000080000000, 0x0000000100000000)
  region size 1024K, 1 young (1024K), 1 survivors (1024K)
 Metaspace       used 180075K, committed 181248K, reserved 1212416K
  class space    used 23498K, committed 24064K, reserved 1048576K
}
Event: 3410.323 GC heap before
{Heap before GC invocations=84 (full 0):
 garbage-first heap   total 331776K, used 303199K [0x0000000080000000, 0x0000000100000000)
  region size 1024K, 16 young (16384K), 1 survivors (1024K)
 Metaspace       used 180192K, committed 181440K, reserved 1212416K
  class space    used 23519K, committed 24128K, reserved 1048576K
}
Event: 3410.357 GC heap after
{Heap after GC invocations=85 (full 0):
 garbage-first heap   total 331776K, used 288913K [0x0000000080000000, 0x0000000100000000)
  region size 1024K, 2 young (2048K), 2 survivors (2048K)
 Metaspace       used 180192K, committed 181440K, reserved 1212416K
  class space    used 23519K, committed 24128K, reserved 1048576K
}
Event: 3411.935 GC heap before
{Heap before GC invocations=85 (full 0):
 garbage-first heap   total 331776K, used 302225K [0x0000000080000000, 0x0000000100000000)
  region size 1024K, 16 young (16384K), 2 survivors (2048K)
 Metaspace       used 180210K, committed 181440K, reserved 1212416K
  class space    used 23519K, committed 24128K, reserved 1048576K
}
Event: 3411.998 GC heap after
{Heap after GC invocations=86 (full 0):
 garbage-first heap   total 331776K, used 290605K [0x0000000080000000, 0x0000000100000000)
  region size 1024K, 2 young (2048K), 2 survivors (2048K)
 Metaspace       used 180210K, committed 181440K, reserved 1212416K
  class space    used 23519K, committed 24128K, reserved 1048576K
}

Dll operation events (3 events):
Event: 0.024 Loaded shared library C:\Program Files\Android\Android Studio\jbr\bin\java.dll
Event: 0.186 Loaded shared library C:\Program Files\Android\Android Studio\jbr\bin\zip.dll
Event: 0.460 Loaded shared library C:\Program Files\Android\Android Studio\jbr\bin\verify.dll

Deoptimization events (20 events):
Event: 3416.285 Thread 0x00000252cff7b060 Uncommon trap: trap_request=0xffffff45 fr.pc=0x00000252b0c37670 relative=0x00000000000003d0
Event: 3416.286 Thread 0x00000252cff7b060 Uncommon trap: reason=unstable_if action=reinterpret pc=0x00000252b0c37670 method=java.util.stream.AbstractPipeline.<init>(Ljava/util/stream/AbstractPipeline;I)V @ 69 c2
Event: 3416.287 Thread 0x00000252cff7b060 DEOPT PACKING pc=0x00000252b0c37670 sp=0x0000007ac44fa940
Event: 3416.288 Thread 0x00000252cff7b060 DEOPT UNPACKING pc=0x00000252b02369a3 sp=0x0000007ac44fa908 mode 2
Event: 3416.923 Thread 0x00000252cff7b060 Uncommon trap: trap_request=0xffffffc6 fr.pc=0x00000252b0f07ea4 relative=0x0000000000000a44
Event: 3416.923 Thread 0x00000252cff7b060 Uncommon trap: reason=bimorphic_or_optimized_type_check action=maybe_recompile pc=0x00000252b0f07ea4 method=org.gradle.tooling.internal.provider.runner.ClientBuildEventGenerator$Enabled.accept(Lorg/gradle/internal/operations/BuildOperationDescriptor;)Lorg
Event: 3416.924 Thread 0x00000252cff7b060 DEOPT PACKING pc=0x00000252b0f07ea4 sp=0x0000007ac44fae60
Event: 3416.924 Thread 0x00000252cff7b060 DEOPT UNPACKING pc=0x00000252b02369a3 sp=0x0000007ac44fad88 mode 2
Event: 3417.107 Thread 0x00000252cff7b060 Uncommon trap: trap_request=0xffffffbe fr.pc=0x00000252b1091420 relative=0x0000000000000300
Event: 3417.107 Thread 0x00000252cff7b060 Uncommon trap: reason=profile_predicate action=maybe_recompile pc=0x00000252b1091420 method=java.util.regex.Pattern$Slice.match(Ljava/util/regex/Matcher;ILjava/lang/CharSequence;)Z @ 18 c2
Event: 3417.107 Thread 0x00000252cff7b060 DEOPT PACKING pc=0x00000252b1091420 sp=0x0000007ac44f98e0
Event: 3417.107 Thread 0x00000252cff7b060 DEOPT UNPACKING pc=0x00000252b02369a3 sp=0x0000007ac44f9850 mode 2
Event: 3417.348 Thread 0x00000252c753a050 Uncommon trap: trap_request=0xffffff76 fr.pc=0x00000252b100f514 relative=0x00000000000006f4
Event: 3417.348 Thread 0x00000252c753a050 Uncommon trap: reason=predicate action=maybe_recompile pc=0x00000252b100f514 method=java.util.ComparableTimSort.binarySort([Ljava/lang/Object;III)V @ 34 c2
Event: 3417.349 Thread 0x00000252c753a050 DEOPT PACKING pc=0x00000252b100f514 sp=0x0000007ac47fe250
Event: 3417.349 Thread 0x00000252c753a050 DEOPT UNPACKING pc=0x00000252b02369a3 sp=0x0000007ac47fe1f8 mode 2
Event: 3417.646 Thread 0x00000252c753a050 Uncommon trap: trap_request=0xffffff45 fr.pc=0x00000252b0ffb8f0 relative=0x0000000000005610
Event: 3417.646 Thread 0x00000252c753a050 Uncommon trap: reason=unstable_if action=reinterpret pc=0x00000252b0ffb8f0 method=java.io.ObjectOutputStream.writeOrdinaryObject(Ljava/lang/Object;Ljava/io/ObjectStreamClass;Z)V @ 134 c2
Event: 3417.646 Thread 0x00000252c753a050 DEOPT PACKING pc=0x00000252b0ffb8f0 sp=0x0000007ac47fe8f0
Event: 3417.648 Thread 0x00000252c753a050 DEOPT UNPACKING pc=0x00000252b02369a3 sp=0x0000007ac47fe880 mode 2

Classes unloaded (0 events):
No events

Classes redefined (0 events):
No events

Internal exceptions (20 events):
Event: 40.886 Thread 0x00000252c2187e00 Exception <a 'java/lang/ClassNotFoundException'{0x00000000941819c8}: org/gradle/api/tasks/SourceSetCustomizer> (0x00000000941819c8) 
thrown [s\src\hotspot\share\classfile\systemDictionary.cpp, line 256]
Event: 41.040 Thread 0x00000252c2547110 Exception <a 'java/lang/NoSuchMethodError'{0x0000000093701928}: static Lorg/gradle/internal/classloader/ClassLoaderSpec;.<clinit>()V> (0x0000000093701928) 
thrown [s\src\hotspot\share\prims\jni.cpp, line 1108]
Event: 41.041 Thread 0x00000252c2547110 Exception <a 'java/lang/NoSuchMethodError'{0x00000000937135d8}: static Lorg/gradle/internal/classloader/VisitableURLClassLoader$Spec;.<clinit>()V> (0x00000000937135d8) 
thrown [s\src\hotspot\share\prims\jni.cpp, line 1108]
Event: 41.042 Thread 0x00000252c2547110 Exception <a 'java/lang/NoSuchMethodError'{0x000000009372e5f0}: static [Ljava/net/URL;.<clinit>()V> (0x000000009372e5f0) 
thrown [s\src\hotspot\share\prims\jni.cpp, line 1108]
Event: 41.044 Thread 0x00000252c2547110 Exception <a 'java/lang/NoSuchMethodError'{0x0000000093746a98}: static Lorg/gradle/internal/classloader/FilteringClassLoader$Spec;.<clinit>()V> (0x0000000093746a98) 
thrown [s\src\hotspot\share\prims\jni.cpp, line 1108]
Event: 41.045 Thread 0x00000252c2547110 Exception <a 'java/lang/NoSuchMethodError'{0x0000000093756d90}: static Lorg/gradle/internal/classloader/CachingClassLoader$Spec;.<clinit>()V> (0x0000000093756d90) 
thrown [s\src\hotspot\share\prims\jni.cpp, line 1108]
Event: 41.072 Thread 0x00000252c2187e00 Exception <a 'java/lang/NoSuchMethodError'{0x0000000093669548}: static Lorg/jetbrains/kotlin/gradle/plugin/statistics/MetricContainer;.<clinit>()V> (0x0000000093669548) 
thrown [s\src\hotspot\share\prims\jni.cpp, line 1108]
Event: 41.102 Thread 0x00000252c2187e00 Exception <a 'java/lang/NoSuchMethodError'{0x000000009430e628}: 'void java.lang.invoke.DirectMethodHandle$Holder.invokeSpecial(java.lang.Object, java.lang.Object, int)'> (0x000000009430e628) 
thrown [s\src\hotspot\share\interpreter\linkResolver.cpp, line 771]
Event: 3406.312 Thread 0x00000252cff7b060 Implicit null exception at 0x00000252b105e2b9 to 0x00000252b106263c
Event: 3407.272 Thread 0x00000252cff7b060 Exception <a 'sun/nio/fs/WindowsException'{0x0000000094012188}> (0x0000000094012188) 
thrown [s\src\hotspot\share\prims\jni.cpp, line 517]
Event: 3407.277 Thread 0x00000252cff7b060 Exception <a 'sun/nio/fs/WindowsException'{0x0000000094013970}> (0x0000000094013970) 
thrown [s\src\hotspot\share\prims\jni.cpp, line 517]
Event: 3407.279 Thread 0x00000252cff7b060 Exception <a 'sun/nio/fs/WindowsException'{0x0000000094014ef8}> (0x0000000094014ef8) 
thrown [s\src\hotspot\share\prims\jni.cpp, line 517]
Event: 3407.282 Thread 0x00000252cff7b060 Exception <a 'sun/nio/fs/WindowsException'{0x0000000094016460}> (0x0000000094016460) 
thrown [s\src\hotspot\share\prims\jni.cpp, line 517]
Event: 3408.853 Thread 0x00000252c753a050 Exception <a 'java/lang/NoSuchMethodError'{0x00000000937762d0}: static Lorg/gradle/internal/build/event/types/DefaultProjectConfigurationDescriptor;.<clinit>()V> (0x00000000937762d0) 
thrown [s\src\hotspot\share\prims\jni.cpp, line 1108]
Event: 3413.002 Thread 0x00000252cff7b060 Exception <a 'java/lang/NoSuchMethodError'{0x000000009403c1d0}: 'long java.lang.invoke.DirectMethodHandle$Holder.invokeVirtual(java.lang.Object, java.lang.Object)'> (0x000000009403c1d0) 
thrown [s\src\hotspot\share\interpreter\linkResolver.cpp, line 771]
Event: 3417.321 Thread 0x00000252c753a050 Exception <a 'java/lang/NoSuchMethodError'{0x00000000940f2908}: static Lorg/gradle/internal/build/event/types/DefaultProjectConfigurationSuccessResult;.<clinit>()V> (0x00000000940f2908) 
thrown [s\src\hotspot\share\prims\jni.cpp, line 1108]
Event: 3417.322 Thread 0x00000252c753a050 Exception <a 'java/lang/NoSuchMethodError'{0x00000000940f3c40}: static Lorg/gradle/internal/build/event/types/AbstractProjectConfigurationResult;.<clinit>()V> (0x00000000940f3c40) 
thrown [s\src\hotspot\share\prims\jni.cpp, line 1108]
Event: 3417.339 Thread 0x00000252c753a050 Exception <a 'java/lang/NoSuchMethodError'{0x00000000940fdde8}: static Lorg/gradle/internal/build/event/types/DefaultPluginApplicationResult;.<clinit>()V> (0x00000000940fdde8) 
thrown [s\src\hotspot\share\prims\jni.cpp, line 1108]
Event: 3417.370 Thread 0x00000252c753a050 Exception <a 'java/lang/NoSuchMethodError'{0x0000000093f09098}: static Lorg/gradle/internal/build/event/types/DefaultBinaryPluginIdentifier;.<clinit>()V> (0x0000000093f09098) 
thrown [s\src\hotspot\share\prims\jni.cpp, line 1108]
Event: 3417.658 Thread 0x00000252c753a050 Exception <a 'java/lang/NoSuchMethodError'{0x0000000093f501a0}: static Lorg/gradle/internal/build/event/types/DefaultScriptPluginIdentifier;.<clinit>()V> (0x0000000093f501a0) 
thrown [s\src\hotspot\share\prims\jni.cpp, line 1108]

VM Operations (20 events):
Event: 3411.372 Executing VM operation: Cleanup
Event: 3411.390 Executing VM operation: Cleanup done
Event: 3411.920 Executing VM operation: G1CollectForAllocation
Event: 3411.999 Executing VM operation: G1CollectForAllocation done
Event: 3412.110 Executing VM operation: HandshakeAllThreads
Event: 3412.123 Executing VM operation: HandshakeAllThreads done
Event: 3413.127 Executing VM operation: Cleanup
Event: 3413.127 Executing VM operation: Cleanup done
Event: 3414.140 Executing VM operation: Cleanup
Event: 3416.272 Executing VM operation: Cleanup done
Event: 3416.275 Executing VM operation: HandshakeAllThreads
Event: 3416.277 Executing VM operation: HandshakeAllThreads done
Event: 3417.289 Executing VM operation: Cleanup
Event: 3417.305 Executing VM operation: Cleanup done
Event: 3418.316 Executing VM operation: Cleanup
Event: 3418.363 Executing VM operation: Cleanup done
Event: 3419.370 Executing VM operation: Cleanup
Event: 3419.511 Executing VM operation: Cleanup done
Event: 3420.571 Executing VM operation: Cleanup
Event: 3420.584 Executing VM operation: Cleanup done

Events (20 events):
Event: 3413.734 loading class java/util/stream/SortedOps$OfRef done
Event: 3416.465 loading class java/util/stream/SortedOps$RefSortingSink
Event: 3416.485 loading class java/util/stream/SortedOps$AbstractRefSortingSink
Event: 3416.494 loading class java/util/stream/SortedOps$AbstractRefSortingSink done
Event: 3416.494 loading class java/util/stream/SortedOps$RefSortingSink done
Event: 3417.462 loading class java/time/Ser
Event: 3417.626 loading class java/time/Ser done
Event: 3418.086 Thread 0x00000252c042d170 flushing nmethod 0x00000252a8d7b810
Event: 3418.091 Thread 0x00000252c042d170 flushing nmethod 0x00000252a8da2110
Event: 3418.316 Thread 0x00000252c042d170 flushing nmethod 0x00000252a905cd10
Event: 3418.630 Thread 0x00000252c042d170 flushing nmethod 0x00000252a938ce90
Event: 3418.643 Thread 0x00000252c042d170 flushing nmethod 0x00000252a93fa590
Event: 3419.093 Thread 0x00000252c042d170 flushing nmethod 0x00000252a9616e10
Event: 3419.094 Thread 0x00000252c042d170 flushing nmethod 0x00000252a961c590
Event: 3419.122 Thread 0x00000252c042d170 flushing nmethod 0x00000252a962df90
Event: 3419.204 Thread 0x00000252c042d170 flushing nmethod 0x00000252a967f510
Event: 3419.264 Thread 0x00000252c042d170 flushing nmethod 0x00000252a96ff810
Event: 3419.264 Thread 0x00000252c042d170 flushing nmethod 0x00000252a9704a10
Event: 3419.266 Thread 0x00000252c042d170 flushing nmethod 0x00000252a970eb90
Event: 3420.302 Thread 0x00000252c7536b60 Thread added: 0x00000252c7536b60


Dynamic libraries:
0x00007ff797e90000 - 0x00007ff797e9a000 	C:\Program Files\Android\Android Studio\jbr\bin\java.exe
0x00007ff99d690000 - 0x00007ff99d8a6000 	C:\WINDOWS\SYSTEM32\ntdll.dll
0x00007ff99b670000 - 0x00007ff99b734000 	C:\WINDOWS\System32\KERNEL32.DLL
0x00007ff99a9d0000 - 0x00007ff99ad76000 	C:\WINDOWS\System32\KERNELBASE.dll
0x00007ff99b080000 - 0x00007ff99b191000 	C:\WINDOWS\System32\ucrtbase.dll
0x00007ff9716d0000 - 0x00007ff9716eb000 	C:\Program Files\Android\Android Studio\jbr\bin\VCRUNTIME140.dll
0x00007ff971530000 - 0x00007ff971547000 	C:\Program Files\Android\Android Studio\jbr\bin\jli.dll
0x00007ff99d4a0000 - 0x00007ff99d64d000 	C:\WINDOWS\System32\USER32.dll
0x00007ff99b240000 - 0x00007ff99b266000 	C:\WINDOWS\System32\win32u.dll
0x00007ff97b670000 - 0x00007ff97b903000 	C:\WINDOWS\WinSxS\amd64_microsoft.windows.common-controls_6595b64144ccf1df_6.0.22621.3235_none_270f74e173860f98\COMCTL32.dll
0x00007ff99c990000 - 0x00007ff99c9b9000 	C:\WINDOWS\System32\GDI32.dll
0x00007ff99b8c0000 - 0x00007ff99b967000 	C:\WINDOWS\System32\msvcrt.dll
0x00007ff99ae70000 - 0x00007ff99af88000 	C:\WINDOWS\System32\gdi32full.dll
0x00007ff99b1a0000 - 0x00007ff99b23a000 	C:\WINDOWS\System32\msvcp_win.dll
0x00007ff99b630000 - 0x00007ff99b661000 	C:\WINDOWS\System32\IMM32.DLL
0x00007ff983750000 - 0x00007ff98375c000 	C:\Program Files\Android\Android Studio\jbr\bin\vcruntime140_1.dll
0x00007ff963b60000 - 0x00007ff963bed000 	C:\Program Files\Android\Android Studio\jbr\bin\msvcp140.dll
0x00007ff8fdfa0000 - 0x00007ff8fec0e000 	C:\Program Files\Android\Android Studio\jbr\bin\server\jvm.dll
0x00007ff99b970000 - 0x00007ff99ba22000 	C:\WINDOWS\System32\ADVAPI32.dll
0x00007ff99b4c0000 - 0x00007ff99b568000 	C:\WINDOWS\System32\sechost.dll
0x00007ff99b050000 - 0x00007ff99b078000 	C:\WINDOWS\System32\bcrypt.dll
0x00007ff99bac0000 - 0x00007ff99bbd5000 	C:\WINDOWS\System32\RPCRT4.dll
0x00007ff987ea0000 - 0x00007ff987ea9000 	C:\WINDOWS\SYSTEM32\WSOCK32.dll
0x00007ff991ef0000 - 0x00007ff991f24000 	C:\WINDOWS\SYSTEM32\WINMM.dll
0x00007ff990050000 - 0x00007ff99005a000 	C:\WINDOWS\SYSTEM32\VERSION.dll
0x00007ff99ca60000 - 0x00007ff99cad1000 	C:\WINDOWS\System32\WS2_32.dll
0x00007ff999a10000 - 0x00007ff999a28000 	C:\WINDOWS\SYSTEM32\kernel.appcore.dll
0x00007ff982ce0000 - 0x00007ff982cea000 	C:\Program Files\Android\Android Studio\jbr\bin\jimage.dll
0x00007ff998310000 - 0x00007ff998543000 	C:\WINDOWS\SYSTEM32\DBGHELP.DLL
0x00007ff99c440000 - 0x00007ff99c7c8000 	C:\WINDOWS\System32\combase.dll
0x00007ff99b3e0000 - 0x00007ff99b4b7000 	C:\WINDOWS\System32\OLEAUT32.dll
0x00007ff9846b0000 - 0x00007ff9846e2000 	C:\WINDOWS\SYSTEM32\dbgcore.DLL
0x00007ff99adf0000 - 0x00007ff99ae6a000 	C:\WINDOWS\System32\bcryptPrimitives.dll
0x00007ff981e40000 - 0x00007ff981e4e000 	C:\Program Files\Android\Android Studio\jbr\bin\instrument.dll
0x00007ff969790000 - 0x00007ff9697b5000 	C:\Program Files\Android\Android Studio\jbr\bin\java.dll
0x00007ff971480000 - 0x00007ff971498000 	C:\Program Files\Android\Android Studio\jbr\bin\zip.dll
0x00007ff99cb40000 - 0x00007ff99d39d000 	C:\WINDOWS\System32\SHELL32.dll
0x00007ff998930000 - 0x00007ff999228000 	C:\WINDOWS\SYSTEM32\windows.storage.dll
0x00007ff9987f0000 - 0x00007ff99892e000 	C:\WINDOWS\SYSTEM32\wintypes.dll
0x00007ff99b7c0000 - 0x00007ff99b8b3000 	C:\WINDOWS\System32\SHCORE.dll
0x00007ff99b570000 - 0x00007ff99b5ce000 	C:\WINDOWS\System32\shlwapi.dll
0x00007ff99a900000 - 0x00007ff99a926000 	C:\WINDOWS\SYSTEM32\profapi.dll
0x00007ff970020000 - 0x00007ff970039000 	C:\Program Files\Android\Android Studio\jbr\bin\net.dll
0x00007ff992e20000 - 0x00007ff992f57000 	C:\WINDOWS\SYSTEM32\WINHTTP.dll
0x00007ff999e90000 - 0x00007ff999ef9000 	C:\WINDOWS\system32\mswsock.dll
0x00007ff96b260000 - 0x00007ff96b276000 	C:\Program Files\Android\Android Studio\jbr\bin\nio.dll
0x00007ff97a640000 - 0x00007ff97a650000 	C:\Program Files\Android\Android Studio\jbr\bin\verify.dll
0x00007ff96cd10000 - 0x00007ff96cd37000 	C:\Users\isaic\.gradle\native\68d5fa5c4cc2d200863cafc0d521ce42e7d3e7ee720ec0a83991735586a16f82\windows-amd64\native-platform.dll
0x00007ff95a3f0000 - 0x00007ff95a534000 	C:\Users\isaic\.gradle\native\e376f236ea51e6404a007f0833ffe2c6e607c4080706a723a18a27aeea778392\windows-amd64\native-platform-file-events.dll
0x00007ff97a5c0000 - 0x00007ff97a5c9000 	C:\Program Files\Android\Android Studio\jbr\bin\management.dll
0x00007ff97a2a0000 - 0x00007ff97a2ab000 	C:\Program Files\Android\Android Studio\jbr\bin\management_ext.dll
0x00007ff99c410000 - 0x00007ff99c418000 	C:\WINDOWS\System32\PSAPI.DLL
0x00007ff99a0f0000 - 0x00007ff99a10b000 	C:\WINDOWS\SYSTEM32\CRYPTSP.dll
0x00007ff999970000 - 0x00007ff9999a5000 	C:\WINDOWS\system32\rsaenh.dll
0x00007ff999f80000 - 0x00007ff999fac000 	C:\WINDOWS\SYSTEM32\USERENV.dll
0x00007ff99a0e0000 - 0x00007ff99a0ec000 	C:\WINDOWS\SYSTEM32\CRYPTBASE.dll
0x00007ff9994d0000 - 0x00007ff9994fd000 	C:\WINDOWS\SYSTEM32\IPHLPAPI.DLL
0x00007ff99c9c0000 - 0x00007ff99c9c9000 	C:\WINDOWS\System32\NSI.dll
0x00007ff993640000 - 0x00007ff993659000 	C:\WINDOWS\SYSTEM32\dhcpcsvc6.DLL
0x00007ff993280000 - 0x00007ff99329f000 	C:\WINDOWS\SYSTEM32\dhcpcsvc.DLL
0x00007ff999550000 - 0x00007ff999649000 	C:\WINDOWS\SYSTEM32\DNSAPI.dll
0x00007ff9881b0000 - 0x00007ff9881b8000 	C:\WINDOWS\system32\wshunix.dll
0x00007ff993f40000 - 0x00007ff993f4a000 	C:\Windows\System32\rasadhlp.dll
0x00007ff9919b0000 - 0x00007ff991a33000 	C:\WINDOWS\System32\fwpuclnt.dll
0x00007ff97b650000 - 0x00007ff97b667000 	C:\WINDOWS\system32\napinsp.dll
0x00007ff97b5b0000 - 0x00007ff97b5cb000 	C:\WINDOWS\system32\pnrpnsp.dll
0x00007ff97b590000 - 0x00007ff97b5a1000 	C:\WINDOWS\System32\winrnr.dll
0x00007ff991e80000 - 0x00007ff991e95000 	C:\WINDOWS\system32\wshbth.dll
0x00007ff97b560000 - 0x00007ff97b581000 	C:\WINDOWS\system32\nlansp_c.dll

dbghelp: loaded successfully - version: 4.0.5 - missing functions: none
symbol engine: initialized successfully - sym options: 0x614 - pdb path: .;C:\Program Files\Android\Android Studio\jbr\bin;C:\WINDOWS\SYSTEM32;C:\WINDOWS\WinSxS\amd64_microsoft.windows.common-controls_6595b64144ccf1df_6.0.22621.3235_none_270f74e173860f98;C:\Program Files\Android\Android Studio\jbr\bin\server;C:\Users\isaic\.gradle\native\68d5fa5c4cc2d200863cafc0d521ce42e7d3e7ee720ec0a83991735586a16f82\windows-amd64;C:\Users\isaic\.gradle\native\e376f236ea51e6404a007f0833ffe2c6e607c4080706a723a18a27aeea778392\windows-amd64

VM Arguments:
jvm_args: --add-opens=java.base/java.util=ALL-UNNAMED --add-opens=java.base/java.lang=ALL-UNNAMED --add-opens=java.base/java.lang.invoke=ALL-UNNAMED --add-opens=java.prefs/java.util.prefs=ALL-UNNAMED --add-opens=java.base/java.nio.charset=ALL-UNNAMED --add-opens=java.base/java.net=ALL-UNNAMED --add-opens=java.base/java.util.concurrent.atomic=ALL-UNNAMED -Xmx2048m -Dfile.encoding=UTF-8 -Duser.country=ES -Duser.language=es -Duser.variant -javaagent:C:\Users\isaic\.gradle\wrapper\dists\gradle-8.2-bin\bbg7u40eoinfdyxsxr3z4i7ta\gradle-8.2\lib\agents\gradle-instrumentation-agent-8.2.jar 
java_command: org.gradle.launcher.daemon.bootstrap.GradleDaemon 8.2
java_class_path (initial): C:\Users\isaic\.gradle\wrapper\dists\gradle-8.2-bin\bbg7u40eoinfdyxsxr3z4i7ta\gradle-8.2\lib\gradle-launcher-8.2.jar
Launcher Type: SUN_STANDARD

[Global flags]
     intx CICompilerCount                          = 4                                         {product} {ergonomic}
     uint ConcGCThreads                            = 3                                         {product} {ergonomic}
     uint G1ConcRefinementThreads                  = 10                                        {product} {ergonomic}
   size_t G1HeapRegionSize                         = 1048576                                   {product} {ergonomic}
    uintx GCDrainStackTargetSize                   = 64                                        {product} {ergonomic}
   size_t InitialHeapSize                          = 98566144                                  {product} {ergonomic}
   size_t MarkStackSize                            = 4194304                                   {product} {ergonomic}
   size_t MaxHeapSize                              = 2147483648                                {product} {command line}
   size_t MaxNewSize                               = 1287651328                                {product} {ergonomic}
   size_t MinHeapDeltaBytes                        = 1048576                                   {product} {ergonomic}
   size_t MinHeapSize                              = 8388608                                   {product} {ergonomic}
    uintx NonNMethodCodeHeapSize                   = 5839372                                {pd product} {ergonomic}
    uintx NonProfiledCodeHeapSize                  = 122909434                              {pd product} {ergonomic}
    uintx ProfiledCodeHeapSize                     = 122909434                              {pd product} {ergonomic}
    uintx ReservedCodeCacheSize                    = 251658240                              {pd product} {ergonomic}
     bool SegmentedCodeCache                       = true                                      {product} {ergonomic}
   size_t SoftMaxHeapSize                          = 2147483648                             {manageable} {ergonomic}
     bool UseCompressedClassPointers               = true                           {product lp64_product} {ergonomic}
     bool UseCompressedOops                        = true                           {product lp64_product} {ergonomic}
     bool UseG1GC                                  = true                                      {product} {ergonomic}
     bool UseLargePagesIndividualAllocation        = false                                  {pd product} {ergonomic}

Logging:
Log output configuration:
 #0: stdout all=warning uptime,level,tags
 #1: stderr all=off uptime,level,tags

Environment Variables:
PATH=C:\Program Files (x86)\Common Files\Oracle\Java\javapath;C:\ProgramData\Oracle\Java\javapath;C:\WINDOWS\system32;C:\WINDOWS;C:\WINDOWS\System32\Wbem;C:\WINDOWS\System32\WindowsPowerShell\v1.0\;C:\WINDOWS\System32\OpenSSH\;C:\Program Files (x86)\Microsoft SQL Server\100\Tools\Binn\;C:\Program Files (x86)\Microsoft SQL Server\100\DTS\Binn\;C:\Program Files (x86)\Microsoft SQL Server\100\Tools\Binn\VSShell\Common7\IDE\;C:\Program Files (x86)\Microsoft Visual Studio 9.0\Common7\IDE\PrivateAssemblies\;C:\Program Files\dotnet\;C:\Program Files\PuTTY\;C:\Program Files\Git\cmd;C:\ProgramData\ComposerSetup\bin;C:\Program Files\nodejs\;C:\Program Files\MySQL\MySQL Shell 8.0\bin\;C:\Users\isaic\AppData\Local\Programs\Python\Python39\Scripts\;C:\Users\isaic\AppData\Local\Programs\Python\Python39\;C:\Users\isaic\AppData\Local\Microsoft\WindowsApps;C:\Users\isaic\AppData\Local\Programs\Microsoft VS Code\bin;C:\ProgramData\isaic\atom\bin;C:\Users\isaic\AppData\Local\atom\bin;C:\Users\isaic\AppData\Local\Microsoft\WindowsApps;C:\xampp\php;C:\Users\isaic\AppData\Roaming\Composer\vendor\bin;C:\Users\isaic\AppData\Roaming\npm;C:\xampp\mysql\bin;
USERNAME=isaic
OS=Windows_NT
PROCESSOR_IDENTIFIER=AMD64 Family 23 Model 104 Stepping 1, AuthenticAMD
TMP=C:\Users\isaic\AppData\Local\Temp
TEMP=C:\Users\isaic\AppData\Local\Temp


JNI global refs:
JNI global refs: 29, weak refs: 8

JNI global refs memory usage: 843, weak refs: 841


---------------  S Y S T E M  ---------------

OS:
 Windows 11 , 64 bit Build 22621 (10.0.22621.3235)
OS uptime: 9 days 5:18 hours

CPU: total 12 (initial active 12) (12 cores per cpu, 2 threads per core) family 23 model 104 stepping 1 microcode 0x0, cx8, cmov, fxsr, ht, mmx, 3dnowpref, sse, sse2, sse3, ssse3, sse4a, sse4.1, sse4.2, popcnt, lzcnt, tsc, tscinvbit, avx, avx2, aes, clmul, bmi1, bmi2, adx, sha, fma, vzeroupper, clflush, clflushopt

Memory: 4k page, system-wide physical 6005M (0M free)
TotalPageFile size 24437M (AvailPageFile size 88M)
current process WorkingSet (physical memory assigned to process): 10M, peak: 633M
current process commit charge ("private bytes"): 742M, peak: 761M

vm_info: OpenJDK 64-Bit Server VM (17.0.6+0-b2043.56-10027231) for windows-amd64 JRE (17.0.6+0-b2043.56-10027231), built on Apr 28 2023 00:43:19 by "androidbuild" with MS VC++ 16.10 / 16.11 (VS2019)

END.
